<?xml version="1.0" encoding="UTF-8"?>
<testng-results skipped="0" failed="105" total="185" passed="80">
  <reporter-output>
  </reporter-output>
  <suite name="Default suite" duration-ms="2241415" started-at="2022-04-28T13:58:43Z" finished-at="2022-04-28T14:36:04Z">
    <groups>
    </groups>
    <test name="Default test" duration-ms="2241415" started-at="2022-04-28T13:58:43Z" finished-at="2022-04-28T14:36:04Z">
      <class name="twc.Automation.ExecutableTestCases.smokeTestCases">
        <test-method status="PASS" signature="beforeClass()[pri:0, instance:twc.Automation.ExecutableTestCases.smokeTestCases@7e0aadd0]" name="beforeClass" is-config="true" duration-ms="265375" started-at="2022-04-28T19:28:43Z" finished-at="2022-04-28T19:33:08Z">
          <reporter-output>
          </reporter-output>
        </test-method> <!-- beforeClass -->
        <test-method status="PASS" signature="Smoke_Test_CaseVerify_Homescreen_marquee_adCall_FTL()[pri:0, instance:twc.Automation.ExecutableTestCases.smokeTestCases@7e0aadd0]" name="Smoke_Test_CaseVerify_Homescreen_marquee_adCall_FTL" duration-ms="93667" started-at="2022-04-28T19:33:08Z" finished-at="2022-04-28T19:34:42Z">
          <reporter-output>
          </reporter-output>
        </test-method> <!-- Smoke_Test_CaseVerify_Homescreen_marquee_adCall_FTL -->
        <test-method status="PASS" signature="Verify_Homescreen_Adhesive_AdCall()[pri:0, instance:twc.Automation.ExecutableTestCases.smokeTestCases@7e0aadd0]" name="Verify_Homescreen_Adhesive_AdCall" duration-ms="8" started-at="2022-04-28T19:34:42Z" finished-at="2022-04-28T19:34:42Z">
          <reporter-output>
          </reporter-output>
        </test-method> <!-- Verify_Homescreen_Adhesive_AdCall -->
        <test-method status="FAIL" signature="Verify_AlertCenterAd()[pri:0, instance:twc.Automation.ExecutableTestCases.smokeTestCases@7e0aadd0]" name="Verify_AlertCenterAd" duration-ms="1133" started-at="2022-04-28T19:34:42Z" finished-at="2022-04-28T19:34:43Z">
          <exception class="java.lang.AssertionError">
            <message>
              <![CDATA[iu=%2F7646%2Fapp_android_us%2Fdb_display%2Fdetails%2Falerts%2Fcenter ad call is not present]]>
            </message>
            <full-stacktrace>
              <![CDATA[java.lang.AssertionError: iu=%2F7646%2Fapp_android_us%2Fdb_display%2Fdetails%2Falerts%2Fcenter ad call is not present
	at org.testng.Assert.fail(Assert.java:94)
	at twc.Automation.General.Utils.verifyPubadCal(Utils.java:235)
	at twc.Automation.ExecutableTestCases.smokeTestCases.Verify_AlertCenterAd(smokeTestCases.java:134)
	at sun.reflect.NativeMethodAccessorImpl.invoke0(Native Method)
	at sun.reflect.NativeMethodAccessorImpl.invoke(NativeMethodAccessorImpl.java:62)
	at sun.reflect.DelegatingMethodAccessorImpl.invoke(DelegatingMethodAccessorImpl.java:43)
	at java.lang.reflect.Method.invoke(Method.java:498)
	at org.testng.internal.MethodInvocationHelper.invokeMethod(MethodInvocationHelper.java:85)
	at org.testng.internal.Invoker.invokeMethod(Invoker.java:659)
	at org.testng.internal.Invoker.invokeTestMethod(Invoker.java:845)
	at org.testng.internal.Invoker.invokeTestMethods(Invoker.java:1153)
	at org.testng.internal.TestMethodWorker.invokeTestMethods(TestMethodWorker.java:125)
	at org.testng.internal.TestMethodWorker.run(TestMethodWorker.java:108)
	at org.testng.TestRunner.privateRun(TestRunner.java:771)
	at org.testng.TestRunner.run(TestRunner.java:621)
	at org.testng.SuiteRunner.runTest(SuiteRunner.java:357)
	at org.testng.SuiteRunner.runSequentially(SuiteRunner.java:352)
	at org.testng.SuiteRunner.privateRun(SuiteRunner.java:310)
	at org.testng.SuiteRunner.run(SuiteRunner.java:259)
	at org.testng.SuiteRunnerWorker.runSuite(SuiteRunnerWorker.java:52)
	at org.testng.SuiteRunnerWorker.run(SuiteRunnerWorker.java:86)
	at org.testng.TestNG.runSuitesSequentially(TestNG.java:1199)
	at org.testng.TestNG.runSuitesLocally(TestNG.java:1124)
	at org.testng.TestNG.run(TestNG.java:1032)
	at org.testng.remote.AbstractRemoteTestNG.run(AbstractRemoteTestNG.java:115)
	at org.testng.remote.RemoteTestNG.initAndRun(RemoteTestNG.java:251)
	at org.testng.remote.RemoteTestNG.main(RemoteTestNG.java:77)
]]>
            </full-stacktrace>
          </exception> <!-- java.lang.AssertionError -->
          <reporter-output>
          </reporter-output>
        </test-method> <!-- Verify_AlertCenterAd -->
        <test-method status="PASS" signature="Smoke_Test_verifying_feed_1adcall_FTL()[pri:0, instance:twc.Automation.ExecutableTestCases.smokeTestCases@7e0aadd0]" name="Smoke_Test_verifying_feed_1adcall_FTL" duration-ms="846" started-at="2022-04-28T19:34:43Z" finished-at="2022-04-28T19:34:44Z">
          <reporter-output>
          </reporter-output>
        </test-method> <!-- Smoke_Test_verifying_feed_1adcall_FTL -->
        <test-method status="PASS" signature="Smoke_Test_verifying_feed_2adcall_FTL()[pri:0, instance:twc.Automation.ExecutableTestCases.smokeTestCases@7e0aadd0]" name="Smoke_Test_verifying_feed_2adcall_FTL" duration-ms="614" started-at="2022-04-28T19:34:44Z" finished-at="2022-04-28T19:34:44Z">
          <reporter-output>
          </reporter-output>
        </test-method> <!-- Smoke_Test_verifying_feed_2adcall_FTL -->
        <test-method status="PASS" signature="Smoke_Test_verifying_feed_3adCall_FTL()[pri:0, instance:twc.Automation.ExecutableTestCases.smokeTestCases@7e0aadd0]" name="Smoke_Test_verifying_feed_3adCall_FTL" duration-ms="593" started-at="2022-04-28T19:34:44Z" finished-at="2022-04-28T19:34:45Z">
          <reporter-output>
          </reporter-output>
        </test-method> <!-- Smoke_Test_verifying_feed_3adCall_FTL -->
        <test-method status="PASS" signature="Smoke_Test_verifying_feed_4adcall_FTL()[pri:0, instance:twc.Automation.ExecutableTestCases.smokeTestCases@7e0aadd0]" name="Smoke_Test_verifying_feed_4adcall_FTL" duration-ms="588" started-at="2022-04-28T19:34:45Z" finished-at="2022-04-28T19:34:46Z">
          <reporter-output>
          </reporter-output>
        </test-method> <!-- Smoke_Test_verifying_feed_4adcall_FTL -->
        <test-method status="PASS" signature="Smoke_Test_verifying_feed_5adCall_FTL()[pri:0, instance:twc.Automation.ExecutableTestCases.smokeTestCases@7e0aadd0]" name="Smoke_Test_verifying_feed_5adCall_FTL" duration-ms="500" started-at="2022-04-28T19:34:46Z" finished-at="2022-04-28T19:34:46Z">
          <reporter-output>
          </reporter-output>
        </test-method> <!-- Smoke_Test_verifying_feed_5adCall_FTL -->
        <test-method status="PASS" signature="Smoke_Test_Case_Verify_Radar_Maps_deatailspage_adCall_FTL()[pri:0, instance:twc.Automation.ExecutableTestCases.smokeTestCases@7e0aadd0]" name="Smoke_Test_Case_Verify_Radar_Maps_deatailspage_adCall_FTL" duration-ms="526" started-at="2022-04-28T19:34:46Z" finished-at="2022-04-28T19:34:47Z">
          <reporter-output>
          </reporter-output>
        </test-method> <!-- Smoke_Test_Case_Verify_Radar_Maps_deatailspage_adCall_FTL -->
        <test-method status="PASS" signature="Smoke_Test_CaseVerify_Today_details_page_iu_FTL()[pri:0, instance:twc.Automation.ExecutableTestCases.smokeTestCases@7e0aadd0]" name="Smoke_Test_CaseVerify_Today_details_page_iu_FTL" duration-ms="523" started-at="2022-04-28T19:34:47Z" finished-at="2022-04-28T19:34:47Z">
          <reporter-output>
          </reporter-output>
        </test-method> <!-- Smoke_Test_CaseVerify_Today_details_page_iu_FTL -->
        <test-method status="PASS" signature="Smoke_Test_Verify_Air_Quality_contentpage_adCall_FTL()[pri:0, instance:twc.Automation.ExecutableTestCases.smokeTestCases@7e0aadd0]" name="Smoke_Test_Verify_Air_Quality_contentpage_adCall_FTL" duration-ms="524" started-at="2022-04-28T19:34:47Z" finished-at="2022-04-28T19:34:48Z">
          <reporter-output>
          </reporter-output>
        </test-method> <!-- Smoke_Test_Verify_Air_Quality_contentpage_adCall_FTL -->
        <test-method status="PASS" signature="Verify_SafetyAndPreparednessCard_AdCall()[pri:0, instance:twc.Automation.ExecutableTestCases.smokeTestCases@7e0aadd0]" name="Verify_SafetyAndPreparednessCard_AdCall" duration-ms="501" started-at="2022-04-28T19:34:48Z" finished-at="2022-04-28T19:34:48Z">
          <reporter-output>
          </reporter-output>
        </test-method> <!-- Verify_SafetyAndPreparednessCard_AdCall -->
        <test-method status="PASS" signature="Smoke_Test_Verify_outdoor_detailpage_adcall_FTL()[pri:0, instance:twc.Automation.ExecutableTestCases.smokeTestCases@7e0aadd0]" name="Smoke_Test_Verify_outdoor_detailpage_adcall_FTL" duration-ms="534" started-at="2022-04-28T19:34:48Z" finished-at="2022-04-28T19:34:49Z">
          <reporter-output>
          </reporter-output>
        </test-method> <!-- Smoke_Test_Verify_outdoor_detailpage_adcall_FTL -->
        <test-method status="PASS" signature="Smoke_Test_CaseVerify_sz_Homescreen_marquee_adCall_FTL()[pri:0, instance:twc.Automation.ExecutableTestCases.smokeTestCases@7e0aadd0]" name="Smoke_Test_CaseVerify_sz_Homescreen_marquee_adCall_FTL" duration-ms="466" started-at="2022-04-28T19:34:49Z" finished-at="2022-04-28T19:34:49Z">
          <reporter-output>
          </reporter-output>
        </test-method> <!-- Smoke_Test_CaseVerify_sz_Homescreen_marquee_adCall_FTL -->
        <test-method status="FAIL" signature="Verify_sz_AlertCenterAd()[pri:0, instance:twc.Automation.ExecutableTestCases.smokeTestCases@7e0aadd0]" name="Verify_sz_AlertCenterAd" duration-ms="526" started-at="2022-04-28T19:34:49Z" finished-at="2022-04-28T19:34:50Z">
          <exception class="java.lang.AssertionError">
            <message>
              <![CDATA[Ad Call :iu=%2F7646%2Fapp_android_us%2Fdb_display%2Fdetails%2Falerts%2Fcenter not found in charles session, hence Custom Parameter: sz validation skipped]]>
            </message>
            <full-stacktrace>
              <![CDATA[java.lang.AssertionError: Ad Call :iu=%2F7646%2Fapp_android_us%2Fdb_display%2Fdetails%2Falerts%2Fcenter not found in charles session, hence Custom Parameter: sz validation skipped
	at org.testng.Assert.fail(Assert.java:94)
	at twc.Automation.General.Utils.validate_Noncustom_param_val_of_gampad(Utils.java:4279)
	at twc.Automation.ExecutableTestCases.smokeTestCases.Verify_sz_AlertCenterAd(smokeTestCases.java:263)
	at sun.reflect.NativeMethodAccessorImpl.invoke0(Native Method)
	at sun.reflect.NativeMethodAccessorImpl.invoke(NativeMethodAccessorImpl.java:62)
	at sun.reflect.DelegatingMethodAccessorImpl.invoke(DelegatingMethodAccessorImpl.java:43)
	at java.lang.reflect.Method.invoke(Method.java:498)
	at org.testng.internal.MethodInvocationHelper.invokeMethod(MethodInvocationHelper.java:85)
	at org.testng.internal.Invoker.invokeMethod(Invoker.java:659)
	at org.testng.internal.Invoker.invokeTestMethod(Invoker.java:845)
	at org.testng.internal.Invoker.invokeTestMethods(Invoker.java:1153)
	at org.testng.internal.TestMethodWorker.invokeTestMethods(TestMethodWorker.java:125)
	at org.testng.internal.TestMethodWorker.run(TestMethodWorker.java:108)
	at org.testng.TestRunner.privateRun(TestRunner.java:771)
	at org.testng.TestRunner.run(TestRunner.java:621)
	at org.testng.SuiteRunner.runTest(SuiteRunner.java:357)
	at org.testng.SuiteRunner.runSequentially(SuiteRunner.java:352)
	at org.testng.SuiteRunner.privateRun(SuiteRunner.java:310)
	at org.testng.SuiteRunner.run(SuiteRunner.java:259)
	at org.testng.SuiteRunnerWorker.runSuite(SuiteRunnerWorker.java:52)
	at org.testng.SuiteRunnerWorker.run(SuiteRunnerWorker.java:86)
	at org.testng.TestNG.runSuitesSequentially(TestNG.java:1199)
	at org.testng.TestNG.runSuitesLocally(TestNG.java:1124)
	at org.testng.TestNG.run(TestNG.java:1032)
	at org.testng.remote.AbstractRemoteTestNG.run(AbstractRemoteTestNG.java:115)
	at org.testng.remote.RemoteTestNG.initAndRun(RemoteTestNG.java:251)
	at org.testng.remote.RemoteTestNG.main(RemoteTestNG.java:77)
]]>
            </full-stacktrace>
          </exception> <!-- java.lang.AssertionError -->
          <reporter-output>
          </reporter-output>
        </test-method> <!-- Verify_sz_AlertCenterAd -->
        <test-method status="PASS" signature="Smoke_Test_verifying_sz_feed_1_adcall_FTL()[pri:0, instance:twc.Automation.ExecutableTestCases.smokeTestCases@7e0aadd0]" name="Smoke_Test_verifying_sz_feed_1_adcall_FTL" duration-ms="465" started-at="2022-04-28T19:34:50Z" finished-at="2022-04-28T19:34:50Z">
          <reporter-output>
          </reporter-output>
        </test-method> <!-- Smoke_Test_verifying_sz_feed_1_adcall_FTL -->
        <test-method status="PASS" signature="Smoke_Test_verifying_sz_feed_2_adcall_FTL()[pri:0, instance:twc.Automation.ExecutableTestCases.smokeTestCases@7e0aadd0]" name="Smoke_Test_verifying_sz_feed_2_adcall_FTL" duration-ms="495" started-at="2022-04-28T19:34:50Z" finished-at="2022-04-28T19:34:51Z">
          <reporter-output>
          </reporter-output>
        </test-method> <!-- Smoke_Test_verifying_sz_feed_2_adcall_FTL -->
        <test-method status="PASS" signature="Smoke_Test_verifying_sz_feed_3_adcall_FTL()[pri:0, instance:twc.Automation.ExecutableTestCases.smokeTestCases@7e0aadd0]" name="Smoke_Test_verifying_sz_feed_3_adcall_FTL" duration-ms="467" started-at="2022-04-28T19:34:51Z" finished-at="2022-04-28T19:34:51Z">
          <reporter-output>
          </reporter-output>
        </test-method> <!-- Smoke_Test_verifying_sz_feed_3_adcall_FTL -->
        <test-method status="PASS" signature="Smoke_Test_verifying_sz_feed_4_adcall_FTL()[pri:0, instance:twc.Automation.ExecutableTestCases.smokeTestCases@7e0aadd0]" name="Smoke_Test_verifying_sz_feed_4_adcall_FTL" duration-ms="495" started-at="2022-04-28T19:34:51Z" finished-at="2022-04-28T19:34:52Z">
          <reporter-output>
          </reporter-output>
        </test-method> <!-- Smoke_Test_verifying_sz_feed_4_adcall_FTL -->
        <test-method status="PASS" signature="Smoke_Test_verifying_sz_feed_5_adcall_FTL()[pri:0, instance:twc.Automation.ExecutableTestCases.smokeTestCases@7e0aadd0]" name="Smoke_Test_verifying_sz_feed_5_adcall_FTL" duration-ms="462" started-at="2022-04-28T19:34:52Z" finished-at="2022-04-28T19:34:52Z">
          <reporter-output>
          </reporter-output>
        </test-method> <!-- Smoke_Test_verifying_sz_feed_5_adcall_FTL -->
        <test-method status="PASS" signature="Smoke_Test_Case_Verify_sz_Radar_Maps_deatailspage_adCall_FTL()[pri:0, instance:twc.Automation.ExecutableTestCases.smokeTestCases@7e0aadd0]" name="Smoke_Test_Case_Verify_sz_Radar_Maps_deatailspage_adCall_FTL" duration-ms="507" started-at="2022-04-28T19:34:52Z" finished-at="2022-04-28T19:34:53Z">
          <reporter-output>
          </reporter-output>
        </test-method> <!-- Smoke_Test_Case_Verify_sz_Radar_Maps_deatailspage_adCall_FTL -->
        <test-method status="PASS" signature="Smoke_Test_Case_Verify_sz_Today_details_page_iu_FTL()[pri:0, instance:twc.Automation.ExecutableTestCases.smokeTestCases@7e0aadd0]" name="Smoke_Test_Case_Verify_sz_Today_details_page_iu_FTL" duration-ms="467" started-at="2022-04-28T19:34:53Z" finished-at="2022-04-28T19:34:53Z">
          <reporter-output>
          </reporter-output>
        </test-method> <!-- Smoke_Test_Case_Verify_sz_Today_details_page_iu_FTL -->
        <test-method status="PASS" signature="Smoke_Test_Verify_sz_AirQuality_contentpage_adCall_FTL()[pri:0, instance:twc.Automation.ExecutableTestCases.smokeTestCases@7e0aadd0]" name="Smoke_Test_Verify_sz_AirQuality_contentpage_adCall_FTL" duration-ms="520" started-at="2022-04-28T19:34:53Z" finished-at="2022-04-28T19:34:54Z">
          <reporter-output>
          </reporter-output>
        </test-method> <!-- Smoke_Test_Verify_sz_AirQuality_contentpage_adCall_FTL -->
        <test-method status="PASS" signature="Smoke_Test_Verify_sz_outdoor_detailpage_adcall_FTL()[pri:0, instance:twc.Automation.ExecutableTestCases.smokeTestCases@7e0aadd0]" name="Smoke_Test_Verify_sz_outdoor_detailpage_adcall_FTL" duration-ms="478" started-at="2022-04-28T19:34:54Z" finished-at="2022-04-28T19:34:54Z">
          <reporter-output>
          </reporter-output>
        </test-method> <!-- Smoke_Test_Verify_sz_outdoor_detailpage_adcall_FTL -->
        <test-method status="PASS" signature="Smoke_Test_Verify_hourly_detailpage_adcall_FTL()[pri:0, instance:twc.Automation.ExecutableTestCases.smokeTestCases@7e0aadd0]" name="Smoke_Test_Verify_hourly_detailpage_adcall_FTL" duration-ms="51470" started-at="2022-04-28T19:34:54Z" finished-at="2022-04-28T19:35:46Z">
          <reporter-output>
          </reporter-output>
        </test-method> <!-- Smoke_Test_Verify_hourly_detailpage_adcall_FTL -->
        <test-method status="PASS" signature="Smoke_Test_Verify_hourly1_detailpage_bigad_adcall_FTL()[pri:0, instance:twc.Automation.ExecutableTestCases.smokeTestCases@7e0aadd0]" name="Smoke_Test_Verify_hourly1_detailpage_bigad_adcall_FTL" duration-ms="136" started-at="2022-04-28T19:35:46Z" finished-at="2022-04-28T19:35:46Z">
          <reporter-output>
          </reporter-output>
        </test-method> <!-- Smoke_Test_Verify_hourly1_detailpage_bigad_adcall_FTL -->
        <test-method status="PASS" signature="Smoke_Test_Verify_hourly2_detailpage_bigad_adcall_FTL()[pri:0, instance:twc.Automation.ExecutableTestCases.smokeTestCases@7e0aadd0]" name="Smoke_Test_Verify_hourly2_detailpage_bigad_adcall_FTL" duration-ms="83" started-at="2022-04-28T19:35:46Z" finished-at="2022-04-28T19:35:46Z">
          <reporter-output>
          </reporter-output>
        </test-method> <!-- Smoke_Test_Verify_hourly2_detailpage_bigad_adcall_FTL -->
        <test-method status="PASS" signature="Smoke_Test_Verify_hourly3__bigad_detailpage_adcall_FTL()[pri:0, instance:twc.Automation.ExecutableTestCases.smokeTestCases@7e0aadd0]" name="Smoke_Test_Verify_hourly3__bigad_detailpage_adcall_FTL" duration-ms="80" started-at="2022-04-28T19:35:46Z" finished-at="2022-04-28T19:35:46Z">
          <reporter-output>
          </reporter-output>
        </test-method> <!-- Smoke_Test_Verify_hourly3__bigad_detailpage_adcall_FTL -->
        <test-method status="PASS" signature="Smoke_Test_Verify_sz_hourly_detailpage_adcall_FTL()[pri:0, instance:twc.Automation.ExecutableTestCases.smokeTestCases@7e0aadd0]" name="Smoke_Test_Verify_sz_hourly_detailpage_adcall_FTL" duration-ms="79" started-at="2022-04-28T19:35:46Z" finished-at="2022-04-28T19:35:46Z">
          <reporter-output>
          </reporter-output>
        </test-method> <!-- Smoke_Test_Verify_sz_hourly_detailpage_adcall_FTL -->
        <test-method status="PASS" signature="Smoke_Test_Verify_sz_hourly1_detailpage_bigad_adcall_FTL()[pri:0, instance:twc.Automation.ExecutableTestCases.smokeTestCases@7e0aadd0]" name="Smoke_Test_Verify_sz_hourly1_detailpage_bigad_adcall_FTL" duration-ms="83" started-at="2022-04-28T19:35:46Z" finished-at="2022-04-28T19:35:46Z">
          <reporter-output>
          </reporter-output>
        </test-method> <!-- Smoke_Test_Verify_sz_hourly1_detailpage_bigad_adcall_FTL -->
        <test-method status="PASS" signature="Smoke_Test_Verify_sz_hourly2_detailpage_bigad_adcall_FTL()[pri:0, instance:twc.Automation.ExecutableTestCases.smokeTestCases@7e0aadd0]" name="Smoke_Test_Verify_sz_hourly2_detailpage_bigad_adcall_FTL" duration-ms="85" started-at="2022-04-28T19:35:46Z" finished-at="2022-04-28T19:35:46Z">
          <reporter-output>
          </reporter-output>
        </test-method> <!-- Smoke_Test_Verify_sz_hourly2_detailpage_bigad_adcall_FTL -->
        <test-method status="PASS" signature="Smoke_Test_Verify_sz_hourly3__bigad_detailpage_adcall_FTL()[pri:0, instance:twc.Automation.ExecutableTestCases.smokeTestCases@7e0aadd0]" name="Smoke_Test_Verify_sz_hourly3__bigad_detailpage_adcall_FTL" duration-ms="80" started-at="2022-04-28T19:35:46Z" finished-at="2022-04-28T19:35:46Z">
          <reporter-output>
          </reporter-output>
        </test-method> <!-- Smoke_Test_Verify_sz_hourly3__bigad_detailpage_adcall_FTL -->
        <test-method status="PASS" signature="Smoke_Test_Verifying_newdailydetails_day1adcall_FTL()[pri:0, instance:twc.Automation.ExecutableTestCases.smokeTestCases@7e0aadd0]" name="Smoke_Test_Verifying_newdailydetails_day1adcall_FTL" duration-ms="19018" started-at="2022-04-28T19:35:46Z" finished-at="2022-04-28T19:36:05Z">
          <reporter-output>
          </reporter-output>
        </test-method> <!-- Smoke_Test_Verifying_newdailydetails_day1adcall_FTL -->
        <test-method status="PASS" signature="Smoke_Test_sz_Verifying_newdailydetails_day1adcall_FTL()[pri:0, instance:twc.Automation.ExecutableTestCases.smokeTestCases@7e0aadd0]" name="Smoke_Test_sz_Verifying_newdailydetails_day1adcall_FTL" duration-ms="53" started-at="2022-04-28T19:36:05Z" finished-at="2022-04-28T19:36:05Z">
          <reporter-output>
          </reporter-output>
        </test-method> <!-- Smoke_Test_sz_Verifying_newdailydetails_day1adcall_FTL -->
        <test-method status="FAIL" signature="Smoke_Test_Verifying_newdailydetails_day2adcall_FTL()[pri:0, instance:twc.Automation.ExecutableTestCases.smokeTestCases@7e0aadd0]" name="Smoke_Test_Verifying_newdailydetails_day2adcall_FTL" duration-ms="67002" started-at="2022-04-28T19:36:05Z" finished-at="2022-04-28T19:37:12Z">
          <exception class="org.openqa.selenium.NoSuchElementException">
            <message>
              <![CDATA[An element could not be located on the page using the given search parameters. (WARNING: The server did not provide any stacktrace information)
Command duration or timeout: 20.67 seconds
For documentation on this error, please visit: http://seleniumhq.org/exceptions/no_such_element.html
Build info: version: '2.51.0', revision: '1af067dbcaedd7d2ab9af5151fc471d363d97193', time: '2016-02-05 11:20:57'
System info: host: 'Aswinikumars-MacBook-Pro.local', ip: '192.168.1.7', os.name: 'Mac OS X', os.arch: 'x86_64', os.version: '10.16', java.version: '1.8.0_311'
Driver info: io.appium.java_client.android.AndroidDriver
Capabilities [{appPackage=com.weather.Weather, statBarHeight=42, noReset=true, viewportRect={top=42, left=0, width=720, height=1354}, deviceName=277a9e7c891c7ece, platform=LINUX, deviceUDID=277a9e7c891c7ece, desired={appPackage=com.weather.Weather, appActivity=com.weather.Weather.app.SplashScreenActivity, noReset=true, newCommandTimeout=100000, platformVersion=10, automationName=UiAutomator2, platformName=Android, deviceName=Samsung}, newCommandTimeout=100000, platformVersion=10, webStorageEnabled=false, automationName=UiAutomator2, takesScreenshot=true, javascriptEnabled=true, platformName=Android, deviceApiLevel=29, deviceManufacturer=samsung, deviceScreenSize=720x1480, networkConnectionEnabled=true, warnings={}, databaseEnabled=false, appActivity=com.weather.Weather.app.SplashScreenActivity, pixelRatio=1.75, locationContextEnabled=false, deviceScreenDensity=280, deviceModel=SM-G965F}]
Session ID: fbf2a5de-5097-4ff5-a9b7-a06ec229b08d
*** Element info: {Using=xpath, value=/hierarchy/android.widget.FrameLayout/android.widget.LinearLayout/android.widget.FrameLayout/android.widget.LinearLayout/android.widget.FrameLayout/android.widget.FrameLayout/android.view.ViewGroup/android.view.ViewGroup/android.widget.LinearLayout/android.widget.HorizontalScrollView/android.widget.LinearLayout/androidx.appcompat.app.ActionBar.Tab[2]/android.widget.LinearLayout}]]>
            </message>
            <full-stacktrace>
              <![CDATA[org.openqa.selenium.NoSuchElementException: An element could not be located on the page using the given search parameters. (WARNING: The server did not provide any stacktrace information)
Command duration or timeout: 20.67 seconds
For documentation on this error, please visit: http://seleniumhq.org/exceptions/no_such_element.html
Build info: version: '2.51.0', revision: '1af067dbcaedd7d2ab9af5151fc471d363d97193', time: '2016-02-05 11:20:57'
System info: host: 'Aswinikumars-MacBook-Pro.local', ip: '192.168.1.7', os.name: 'Mac OS X', os.arch: 'x86_64', os.version: '10.16', java.version: '1.8.0_311'
Driver info: io.appium.java_client.android.AndroidDriver
Capabilities [{appPackage=com.weather.Weather, statBarHeight=42, noReset=true, viewportRect={top=42, left=0, width=720, height=1354}, deviceName=277a9e7c891c7ece, platform=LINUX, deviceUDID=277a9e7c891c7ece, desired={appPackage=com.weather.Weather, appActivity=com.weather.Weather.app.SplashScreenActivity, noReset=true, newCommandTimeout=100000, platformVersion=10, automationName=UiAutomator2, platformName=Android, deviceName=Samsung}, newCommandTimeout=100000, platformVersion=10, webStorageEnabled=false, automationName=UiAutomator2, takesScreenshot=true, javascriptEnabled=true, platformName=Android, deviceApiLevel=29, deviceManufacturer=samsung, deviceScreenSize=720x1480, networkConnectionEnabled=true, warnings={}, databaseEnabled=false, appActivity=com.weather.Weather.app.SplashScreenActivity, pixelRatio=1.75, locationContextEnabled=false, deviceScreenDensity=280, deviceModel=SM-G965F}]
Session ID: fbf2a5de-5097-4ff5-a9b7-a06ec229b08d
*** Element info: {Using=xpath, value=/hierarchy/android.widget.FrameLayout/android.widget.LinearLayout/android.widget.FrameLayout/android.widget.LinearLayout/android.widget.FrameLayout/android.widget.FrameLayout/android.view.ViewGroup/android.view.ViewGroup/android.widget.LinearLayout/android.widget.HorizontalScrollView/android.widget.LinearLayout/androidx.appcompat.app.ActionBar.Tab[2]/android.widget.LinearLayout}
	at sun.reflect.NativeConstructorAccessorImpl.newInstance0(Native Method)
	at sun.reflect.NativeConstructorAccessorImpl.newInstance(NativeConstructorAccessorImpl.java:62)
	at sun.reflect.DelegatingConstructorAccessorImpl.newInstance(DelegatingConstructorAccessorImpl.java:45)
	at java.lang.reflect.Constructor.newInstance(Constructor.java:423)
	at org.openqa.selenium.remote.ErrorHandler.createThrowable(ErrorHandler.java:206)
	at org.openqa.selenium.remote.ErrorHandler.throwIfResponseFailed(ErrorHandler.java:158)
	at org.openqa.selenium.remote.RemoteWebDriver.execute(RemoteWebDriver.java:678)
	at io.appium.java_client.DefaultGenericMobileDriver.execute(DefaultGenericMobileDriver.java:40)
	at io.appium.java_client.AppiumDriver.execute(AppiumDriver.java:1)
	at io.appium.java_client.android.AndroidDriver.execute(AndroidDriver.java:1)
	at org.openqa.selenium.remote.RemoteWebDriver.findElement(RemoteWebDriver.java:363)
	at io.appium.java_client.DefaultGenericMobileDriver.findElement(DefaultGenericMobileDriver.java:56)
	at io.appium.java_client.AppiumDriver.findElement(AppiumDriver.java:1)
	at io.appium.java_client.android.AndroidDriver.findElement(AndroidDriver.java:1)
	at org.openqa.selenium.remote.RemoteWebDriver.findElementByXPath(RemoteWebDriver.java:500)
	at io.appium.java_client.DefaultGenericMobileDriver.findElementByXPath(DefaultGenericMobileDriver.java:134)
	at io.appium.java_client.AppiumDriver.findElementByXPath(AppiumDriver.java:1)
	at io.appium.java_client.android.AndroidDriver.findElementByXPath(AndroidDriver.java:1)
	at twc.Automation.General.Functions.clickonday2(Functions.java:6663)
	at twc.Automation.ExecutableTestCases.smokeTestCases.Smoke_Test_Verifying_newdailydetails_day2adcall_FTL(smokeTestCases.java:520)
	at sun.reflect.NativeMethodAccessorImpl.invoke0(Native Method)
	at sun.reflect.NativeMethodAccessorImpl.invoke(NativeMethodAccessorImpl.java:62)
	at sun.reflect.DelegatingMethodAccessorImpl.invoke(DelegatingMethodAccessorImpl.java:43)
	at java.lang.reflect.Method.invoke(Method.java:498)
	at org.testng.internal.MethodInvocationHelper.invokeMethod(MethodInvocationHelper.java:85)
	at org.testng.internal.Invoker.invokeMethod(Invoker.java:659)
	at org.testng.internal.Invoker.invokeTestMethod(Invoker.java:845)
	at org.testng.internal.Invoker.invokeTestMethods(Invoker.java:1153)
	at org.testng.internal.TestMethodWorker.invokeTestMethods(TestMethodWorker.java:125)
	at org.testng.internal.TestMethodWorker.run(TestMethodWorker.java:108)
	at org.testng.TestRunner.privateRun(TestRunner.java:771)
	at org.testng.TestRunner.run(TestRunner.java:621)
	at org.testng.SuiteRunner.runTest(SuiteRunner.java:357)
	at org.testng.SuiteRunner.runSequentially(SuiteRunner.java:352)
	at org.testng.SuiteRunner.privateRun(SuiteRunner.java:310)
	at org.testng.SuiteRunner.run(SuiteRunner.java:259)
	at org.testng.SuiteRunnerWorker.runSuite(SuiteRunnerWorker.java:52)
	at org.testng.SuiteRunnerWorker.run(SuiteRunnerWorker.java:86)
	at org.testng.TestNG.runSuitesSequentially(TestNG.java:1199)
	at org.testng.TestNG.runSuitesLocally(TestNG.java:1124)
	at org.testng.TestNG.run(TestNG.java:1032)
	at org.testng.remote.AbstractRemoteTestNG.run(AbstractRemoteTestNG.java:115)
	at org.testng.remote.RemoteTestNG.initAndRun(RemoteTestNG.java:251)
	at org.testng.remote.RemoteTestNG.main(RemoteTestNG.java:77)
]]>
            </full-stacktrace>
          </exception> <!-- org.openqa.selenium.NoSuchElementException -->
          <reporter-output>
          </reporter-output>
        </test-method> <!-- Smoke_Test_Verifying_newdailydetails_day2adcall_FTL -->
        <test-method status="PASS" signature="Smoke_Test_sz_Verifying_newdailydetails_day2adcall_FTL()[pri:0, instance:twc.Automation.ExecutableTestCases.smokeTestCases@7e0aadd0]" name="Smoke_Test_sz_Verifying_newdailydetails_day2adcall_FTL" duration-ms="31" started-at="2022-04-28T19:37:12Z" finished-at="2022-04-28T19:37:12Z">
          <reporter-output>
          </reporter-output>
        </test-method> <!-- Smoke_Test_sz_Verifying_newdailydetails_day2adcall_FTL -->
        <test-method status="FAIL" signature="Smoke_Test_Verifying_newdailydetails_day3adcall_FTL()[pri:0, instance:twc.Automation.ExecutableTestCases.smokeTestCases@7e0aadd0]" name="Smoke_Test_Verifying_newdailydetails_day3adcall_FTL" duration-ms="47965" started-at="2022-04-28T19:37:12Z" finished-at="2022-04-28T19:38:00Z">
          <exception class="org.openqa.selenium.NoSuchElementException">
            <message>
              <![CDATA[An element could not be located on the page using the given search parameters. (WARNING: The server did not provide any stacktrace information)
Command duration or timeout: 20.91 seconds
For documentation on this error, please visit: http://seleniumhq.org/exceptions/no_such_element.html
Build info: version: '2.51.0', revision: '1af067dbcaedd7d2ab9af5151fc471d363d97193', time: '2016-02-05 11:20:57'
System info: host: 'Aswinikumars-MacBook-Pro.local', ip: '192.168.1.7', os.name: 'Mac OS X', os.arch: 'x86_64', os.version: '10.16', java.version: '1.8.0_311'
Driver info: io.appium.java_client.android.AndroidDriver
Capabilities [{appPackage=com.weather.Weather, statBarHeight=42, noReset=true, viewportRect={top=42, left=0, width=720, height=1354}, deviceName=277a9e7c891c7ece, platform=LINUX, deviceUDID=277a9e7c891c7ece, desired={appPackage=com.weather.Weather, appActivity=com.weather.Weather.app.SplashScreenActivity, noReset=true, newCommandTimeout=100000, platformVersion=10, automationName=UiAutomator2, platformName=Android, deviceName=Samsung}, newCommandTimeout=100000, platformVersion=10, webStorageEnabled=false, automationName=UiAutomator2, takesScreenshot=true, javascriptEnabled=true, platformName=Android, deviceApiLevel=29, deviceManufacturer=samsung, deviceScreenSize=720x1480, networkConnectionEnabled=true, warnings={}, databaseEnabled=false, appActivity=com.weather.Weather.app.SplashScreenActivity, pixelRatio=1.75, locationContextEnabled=false, deviceScreenDensity=280, deviceModel=SM-G965F}]
Session ID: fbf2a5de-5097-4ff5-a9b7-a06ec229b08d
*** Element info: {Using=xpath, value=/hierarchy/android.widget.FrameLayout/android.widget.LinearLayout/android.widget.FrameLayout/android.widget.LinearLayout/android.widget.FrameLayout/android.widget.FrameLayout/android.view.ViewGroup/android.view.ViewGroup/android.widget.LinearLayout/android.widget.HorizontalScrollView/android.widget.LinearLayout/androidx.appcompat.app.ActionBar.Tab[3]/android.widget.LinearLayout}]]>
            </message>
            <full-stacktrace>
              <![CDATA[org.openqa.selenium.NoSuchElementException: An element could not be located on the page using the given search parameters. (WARNING: The server did not provide any stacktrace information)
Command duration or timeout: 20.91 seconds
For documentation on this error, please visit: http://seleniumhq.org/exceptions/no_such_element.html
Build info: version: '2.51.0', revision: '1af067dbcaedd7d2ab9af5151fc471d363d97193', time: '2016-02-05 11:20:57'
System info: host: 'Aswinikumars-MacBook-Pro.local', ip: '192.168.1.7', os.name: 'Mac OS X', os.arch: 'x86_64', os.version: '10.16', java.version: '1.8.0_311'
Driver info: io.appium.java_client.android.AndroidDriver
Capabilities [{appPackage=com.weather.Weather, statBarHeight=42, noReset=true, viewportRect={top=42, left=0, width=720, height=1354}, deviceName=277a9e7c891c7ece, platform=LINUX, deviceUDID=277a9e7c891c7ece, desired={appPackage=com.weather.Weather, appActivity=com.weather.Weather.app.SplashScreenActivity, noReset=true, newCommandTimeout=100000, platformVersion=10, automationName=UiAutomator2, platformName=Android, deviceName=Samsung}, newCommandTimeout=100000, platformVersion=10, webStorageEnabled=false, automationName=UiAutomator2, takesScreenshot=true, javascriptEnabled=true, platformName=Android, deviceApiLevel=29, deviceManufacturer=samsung, deviceScreenSize=720x1480, networkConnectionEnabled=true, warnings={}, databaseEnabled=false, appActivity=com.weather.Weather.app.SplashScreenActivity, pixelRatio=1.75, locationContextEnabled=false, deviceScreenDensity=280, deviceModel=SM-G965F}]
Session ID: fbf2a5de-5097-4ff5-a9b7-a06ec229b08d
*** Element info: {Using=xpath, value=/hierarchy/android.widget.FrameLayout/android.widget.LinearLayout/android.widget.FrameLayout/android.widget.LinearLayout/android.widget.FrameLayout/android.widget.FrameLayout/android.view.ViewGroup/android.view.ViewGroup/android.widget.LinearLayout/android.widget.HorizontalScrollView/android.widget.LinearLayout/androidx.appcompat.app.ActionBar.Tab[3]/android.widget.LinearLayout}
	at sun.reflect.NativeConstructorAccessorImpl.newInstance0(Native Method)
	at sun.reflect.NativeConstructorAccessorImpl.newInstance(NativeConstructorAccessorImpl.java:62)
	at sun.reflect.DelegatingConstructorAccessorImpl.newInstance(DelegatingConstructorAccessorImpl.java:45)
	at java.lang.reflect.Constructor.newInstance(Constructor.java:423)
	at org.openqa.selenium.remote.ErrorHandler.createThrowable(ErrorHandler.java:206)
	at org.openqa.selenium.remote.ErrorHandler.throwIfResponseFailed(ErrorHandler.java:158)
	at org.openqa.selenium.remote.RemoteWebDriver.execute(RemoteWebDriver.java:678)
	at io.appium.java_client.DefaultGenericMobileDriver.execute(DefaultGenericMobileDriver.java:40)
	at io.appium.java_client.AppiumDriver.execute(AppiumDriver.java:1)
	at io.appium.java_client.android.AndroidDriver.execute(AndroidDriver.java:1)
	at org.openqa.selenium.remote.RemoteWebDriver.findElement(RemoteWebDriver.java:363)
	at io.appium.java_client.DefaultGenericMobileDriver.findElement(DefaultGenericMobileDriver.java:56)
	at io.appium.java_client.AppiumDriver.findElement(AppiumDriver.java:1)
	at io.appium.java_client.android.AndroidDriver.findElement(AndroidDriver.java:1)
	at org.openqa.selenium.remote.RemoteWebDriver.findElementByXPath(RemoteWebDriver.java:500)
	at io.appium.java_client.DefaultGenericMobileDriver.findElementByXPath(DefaultGenericMobileDriver.java:134)
	at io.appium.java_client.AppiumDriver.findElementByXPath(AppiumDriver.java:1)
	at io.appium.java_client.android.AndroidDriver.findElementByXPath(AndroidDriver.java:1)
	at twc.Automation.General.Functions.clickonday3(Functions.java:6677)
	at twc.Automation.ExecutableTestCases.smokeTestCases.Smoke_Test_Verifying_newdailydetails_day3adcall_FTL(smokeTestCases.java:558)
	at sun.reflect.NativeMethodAccessorImpl.invoke0(Native Method)
	at sun.reflect.NativeMethodAccessorImpl.invoke(NativeMethodAccessorImpl.java:62)
	at sun.reflect.DelegatingMethodAccessorImpl.invoke(DelegatingMethodAccessorImpl.java:43)
	at java.lang.reflect.Method.invoke(Method.java:498)
	at org.testng.internal.MethodInvocationHelper.invokeMethod(MethodInvocationHelper.java:85)
	at org.testng.internal.Invoker.invokeMethod(Invoker.java:659)
	at org.testng.internal.Invoker.invokeTestMethod(Invoker.java:845)
	at org.testng.internal.Invoker.invokeTestMethods(Invoker.java:1153)
	at org.testng.internal.TestMethodWorker.invokeTestMethods(TestMethodWorker.java:125)
	at org.testng.internal.TestMethodWorker.run(TestMethodWorker.java:108)
	at org.testng.TestRunner.privateRun(TestRunner.java:771)
	at org.testng.TestRunner.run(TestRunner.java:621)
	at org.testng.SuiteRunner.runTest(SuiteRunner.java:357)
	at org.testng.SuiteRunner.runSequentially(SuiteRunner.java:352)
	at org.testng.SuiteRunner.privateRun(SuiteRunner.java:310)
	at org.testng.SuiteRunner.run(SuiteRunner.java:259)
	at org.testng.SuiteRunnerWorker.runSuite(SuiteRunnerWorker.java:52)
	at org.testng.SuiteRunnerWorker.run(SuiteRunnerWorker.java:86)
	at org.testng.TestNG.runSuitesSequentially(TestNG.java:1199)
	at org.testng.TestNG.runSuitesLocally(TestNG.java:1124)
	at org.testng.TestNG.run(TestNG.java:1032)
	at org.testng.remote.AbstractRemoteTestNG.run(AbstractRemoteTestNG.java:115)
	at org.testng.remote.RemoteTestNG.initAndRun(RemoteTestNG.java:251)
	at org.testng.remote.RemoteTestNG.main(RemoteTestNG.java:77)
]]>
            </full-stacktrace>
          </exception> <!-- org.openqa.selenium.NoSuchElementException -->
          <reporter-output>
          </reporter-output>
        </test-method> <!-- Smoke_Test_Verifying_newdailydetails_day3adcall_FTL -->
        <test-method status="PASS" signature="Smoke_Test_sz_Verifying_newdailydetails_day3adcall_FTL()[pri:0, instance:twc.Automation.ExecutableTestCases.smokeTestCases@7e0aadd0]" name="Smoke_Test_sz_Verifying_newdailydetails_day3adcall_FTL" duration-ms="31" started-at="2022-04-28T19:38:00Z" finished-at="2022-04-28T19:38:00Z">
          <reporter-output>
          </reporter-output>
        </test-method> <!-- Smoke_Test_sz_Verifying_newdailydetails_day3adcall_FTL -->
        <test-method status="FAIL" signature="Smoke_Test_Verifying_newdailydetails_day4adcall_FTL()[pri:0, instance:twc.Automation.ExecutableTestCases.smokeTestCases@7e0aadd0]" name="Smoke_Test_Verifying_newdailydetails_day4adcall_FTL" duration-ms="46997" started-at="2022-04-28T19:38:00Z" finished-at="2022-04-28T19:38:47Z">
          <exception class="org.openqa.selenium.NoSuchElementException">
            <message>
              <![CDATA[An element could not be located on the page using the given search parameters. (WARNING: The server did not provide any stacktrace information)
Command duration or timeout: 20.74 seconds
For documentation on this error, please visit: http://seleniumhq.org/exceptions/no_such_element.html
Build info: version: '2.51.0', revision: '1af067dbcaedd7d2ab9af5151fc471d363d97193', time: '2016-02-05 11:20:57'
System info: host: 'Aswinikumars-MacBook-Pro.local', ip: '192.168.1.7', os.name: 'Mac OS X', os.arch: 'x86_64', os.version: '10.16', java.version: '1.8.0_311'
Driver info: io.appium.java_client.android.AndroidDriver
Capabilities [{appPackage=com.weather.Weather, statBarHeight=42, noReset=true, viewportRect={top=42, left=0, width=720, height=1354}, deviceName=277a9e7c891c7ece, platform=LINUX, deviceUDID=277a9e7c891c7ece, desired={appPackage=com.weather.Weather, appActivity=com.weather.Weather.app.SplashScreenActivity, noReset=true, newCommandTimeout=100000, platformVersion=10, automationName=UiAutomator2, platformName=Android, deviceName=Samsung}, newCommandTimeout=100000, platformVersion=10, webStorageEnabled=false, automationName=UiAutomator2, takesScreenshot=true, javascriptEnabled=true, platformName=Android, deviceApiLevel=29, deviceManufacturer=samsung, deviceScreenSize=720x1480, networkConnectionEnabled=true, warnings={}, databaseEnabled=false, appActivity=com.weather.Weather.app.SplashScreenActivity, pixelRatio=1.75, locationContextEnabled=false, deviceScreenDensity=280, deviceModel=SM-G965F}]
Session ID: fbf2a5de-5097-4ff5-a9b7-a06ec229b08d
*** Element info: {Using=xpath, value=/hierarchy/android.widget.FrameLayout/android.widget.LinearLayout/android.widget.FrameLayout/android.widget.LinearLayout/android.widget.FrameLayout/android.widget.FrameLayout/android.view.ViewGroup/android.view.ViewGroup/android.widget.LinearLayout/android.widget.HorizontalScrollView/android.widget.LinearLayout/androidx.appcompat.app.ActionBar.Tab[4]/android.widget.LinearLayout}]]>
            </message>
            <full-stacktrace>
              <![CDATA[org.openqa.selenium.NoSuchElementException: An element could not be located on the page using the given search parameters. (WARNING: The server did not provide any stacktrace information)
Command duration or timeout: 20.74 seconds
For documentation on this error, please visit: http://seleniumhq.org/exceptions/no_such_element.html
Build info: version: '2.51.0', revision: '1af067dbcaedd7d2ab9af5151fc471d363d97193', time: '2016-02-05 11:20:57'
System info: host: 'Aswinikumars-MacBook-Pro.local', ip: '192.168.1.7', os.name: 'Mac OS X', os.arch: 'x86_64', os.version: '10.16', java.version: '1.8.0_311'
Driver info: io.appium.java_client.android.AndroidDriver
Capabilities [{appPackage=com.weather.Weather, statBarHeight=42, noReset=true, viewportRect={top=42, left=0, width=720, height=1354}, deviceName=277a9e7c891c7ece, platform=LINUX, deviceUDID=277a9e7c891c7ece, desired={appPackage=com.weather.Weather, appActivity=com.weather.Weather.app.SplashScreenActivity, noReset=true, newCommandTimeout=100000, platformVersion=10, automationName=UiAutomator2, platformName=Android, deviceName=Samsung}, newCommandTimeout=100000, platformVersion=10, webStorageEnabled=false, automationName=UiAutomator2, takesScreenshot=true, javascriptEnabled=true, platformName=Android, deviceApiLevel=29, deviceManufacturer=samsung, deviceScreenSize=720x1480, networkConnectionEnabled=true, warnings={}, databaseEnabled=false, appActivity=com.weather.Weather.app.SplashScreenActivity, pixelRatio=1.75, locationContextEnabled=false, deviceScreenDensity=280, deviceModel=SM-G965F}]
Session ID: fbf2a5de-5097-4ff5-a9b7-a06ec229b08d
*** Element info: {Using=xpath, value=/hierarchy/android.widget.FrameLayout/android.widget.LinearLayout/android.widget.FrameLayout/android.widget.LinearLayout/android.widget.FrameLayout/android.widget.FrameLayout/android.view.ViewGroup/android.view.ViewGroup/android.widget.LinearLayout/android.widget.HorizontalScrollView/android.widget.LinearLayout/androidx.appcompat.app.ActionBar.Tab[4]/android.widget.LinearLayout}
	at sun.reflect.NativeConstructorAccessorImpl.newInstance0(Native Method)
	at sun.reflect.NativeConstructorAccessorImpl.newInstance(NativeConstructorAccessorImpl.java:62)
	at sun.reflect.DelegatingConstructorAccessorImpl.newInstance(DelegatingConstructorAccessorImpl.java:45)
	at java.lang.reflect.Constructor.newInstance(Constructor.java:423)
	at org.openqa.selenium.remote.ErrorHandler.createThrowable(ErrorHandler.java:206)
	at org.openqa.selenium.remote.ErrorHandler.throwIfResponseFailed(ErrorHandler.java:158)
	at org.openqa.selenium.remote.RemoteWebDriver.execute(RemoteWebDriver.java:678)
	at io.appium.java_client.DefaultGenericMobileDriver.execute(DefaultGenericMobileDriver.java:40)
	at io.appium.java_client.AppiumDriver.execute(AppiumDriver.java:1)
	at io.appium.java_client.android.AndroidDriver.execute(AndroidDriver.java:1)
	at org.openqa.selenium.remote.RemoteWebDriver.findElement(RemoteWebDriver.java:363)
	at io.appium.java_client.DefaultGenericMobileDriver.findElement(DefaultGenericMobileDriver.java:56)
	at io.appium.java_client.AppiumDriver.findElement(AppiumDriver.java:1)
	at io.appium.java_client.android.AndroidDriver.findElement(AndroidDriver.java:1)
	at org.openqa.selenium.remote.RemoteWebDriver.findElementByXPath(RemoteWebDriver.java:500)
	at io.appium.java_client.DefaultGenericMobileDriver.findElementByXPath(DefaultGenericMobileDriver.java:134)
	at io.appium.java_client.AppiumDriver.findElementByXPath(AppiumDriver.java:1)
	at io.appium.java_client.android.AndroidDriver.findElementByXPath(AndroidDriver.java:1)
	at twc.Automation.General.Functions.clickonday4(Functions.java:6699)
	at twc.Automation.ExecutableTestCases.smokeTestCases.Smoke_Test_Verifying_newdailydetails_day4adcall_FTL(smokeTestCases.java:591)
	at sun.reflect.NativeMethodAccessorImpl.invoke0(Native Method)
	at sun.reflect.NativeMethodAccessorImpl.invoke(NativeMethodAccessorImpl.java:62)
	at sun.reflect.DelegatingMethodAccessorImpl.invoke(DelegatingMethodAccessorImpl.java:43)
	at java.lang.reflect.Method.invoke(Method.java:498)
	at org.testng.internal.MethodInvocationHelper.invokeMethod(MethodInvocationHelper.java:85)
	at org.testng.internal.Invoker.invokeMethod(Invoker.java:659)
	at org.testng.internal.Invoker.invokeTestMethod(Invoker.java:845)
	at org.testng.internal.Invoker.invokeTestMethods(Invoker.java:1153)
	at org.testng.internal.TestMethodWorker.invokeTestMethods(TestMethodWorker.java:125)
	at org.testng.internal.TestMethodWorker.run(TestMethodWorker.java:108)
	at org.testng.TestRunner.privateRun(TestRunner.java:771)
	at org.testng.TestRunner.run(TestRunner.java:621)
	at org.testng.SuiteRunner.runTest(SuiteRunner.java:357)
	at org.testng.SuiteRunner.runSequentially(SuiteRunner.java:352)
	at org.testng.SuiteRunner.privateRun(SuiteRunner.java:310)
	at org.testng.SuiteRunner.run(SuiteRunner.java:259)
	at org.testng.SuiteRunnerWorker.runSuite(SuiteRunnerWorker.java:52)
	at org.testng.SuiteRunnerWorker.run(SuiteRunnerWorker.java:86)
	at org.testng.TestNG.runSuitesSequentially(TestNG.java:1199)
	at org.testng.TestNG.runSuitesLocally(TestNG.java:1124)
	at org.testng.TestNG.run(TestNG.java:1032)
	at org.testng.remote.AbstractRemoteTestNG.run(AbstractRemoteTestNG.java:115)
	at org.testng.remote.RemoteTestNG.initAndRun(RemoteTestNG.java:251)
	at org.testng.remote.RemoteTestNG.main(RemoteTestNG.java:77)
]]>
            </full-stacktrace>
          </exception> <!-- org.openqa.selenium.NoSuchElementException -->
          <reporter-output>
          </reporter-output>
        </test-method> <!-- Smoke_Test_Verifying_newdailydetails_day4adcall_FTL -->
        <test-method status="PASS" signature="Smoke_Test_sz_Verifying_newdailydetails_day4adcall_FTL()[pri:0, instance:twc.Automation.ExecutableTestCases.smokeTestCases@7e0aadd0]" name="Smoke_Test_sz_Verifying_newdailydetails_day4adcall_FTL" duration-ms="30" started-at="2022-04-28T19:38:47Z" finished-at="2022-04-28T19:38:48Z">
          <reporter-output>
          </reporter-output>
        </test-method> <!-- Smoke_Test_sz_Verifying_newdailydetails_day4adcall_FTL -->
        <test-method status="FAIL" signature="Smoke_Test_Verifying_newdailydetails_day5adcall_FTL()[pri:0, instance:twc.Automation.ExecutableTestCases.smokeTestCases@7e0aadd0]" name="Smoke_Test_Verifying_newdailydetails_day5adcall_FTL" duration-ms="46925" started-at="2022-04-28T19:38:48Z" finished-at="2022-04-28T19:39:34Z">
          <exception class="org.openqa.selenium.NoSuchElementException">
            <message>
              <![CDATA[An element could not be located on the page using the given search parameters. (WARNING: The server did not provide any stacktrace information)
Command duration or timeout: 20.59 seconds
For documentation on this error, please visit: http://seleniumhq.org/exceptions/no_such_element.html
Build info: version: '2.51.0', revision: '1af067dbcaedd7d2ab9af5151fc471d363d97193', time: '2016-02-05 11:20:57'
System info: host: 'Aswinikumars-MacBook-Pro.local', ip: '192.168.1.7', os.name: 'Mac OS X', os.arch: 'x86_64', os.version: '10.16', java.version: '1.8.0_311'
Driver info: io.appium.java_client.android.AndroidDriver
Capabilities [{appPackage=com.weather.Weather, statBarHeight=42, noReset=true, viewportRect={top=42, left=0, width=720, height=1354}, deviceName=277a9e7c891c7ece, platform=LINUX, deviceUDID=277a9e7c891c7ece, desired={appPackage=com.weather.Weather, appActivity=com.weather.Weather.app.SplashScreenActivity, noReset=true, newCommandTimeout=100000, platformVersion=10, automationName=UiAutomator2, platformName=Android, deviceName=Samsung}, newCommandTimeout=100000, platformVersion=10, webStorageEnabled=false, automationName=UiAutomator2, takesScreenshot=true, javascriptEnabled=true, platformName=Android, deviceApiLevel=29, deviceManufacturer=samsung, deviceScreenSize=720x1480, networkConnectionEnabled=true, warnings={}, databaseEnabled=false, appActivity=com.weather.Weather.app.SplashScreenActivity, pixelRatio=1.75, locationContextEnabled=false, deviceScreenDensity=280, deviceModel=SM-G965F}]
Session ID: fbf2a5de-5097-4ff5-a9b7-a06ec229b08d
*** Element info: {Using=xpath, value=/hierarchy/android.widget.FrameLayout/android.widget.LinearLayout/android.widget.FrameLayout/android.widget.LinearLayout/android.widget.FrameLayout/android.widget.FrameLayout/android.view.ViewGroup/android.view.ViewGroup/android.widget.LinearLayout/android.widget.HorizontalScrollView/android.widget.LinearLayout/androidx.appcompat.app.ActionBar.Tab[5]/android.widget.LinearLayout}]]>
            </message>
            <full-stacktrace>
              <![CDATA[org.openqa.selenium.NoSuchElementException: An element could not be located on the page using the given search parameters. (WARNING: The server did not provide any stacktrace information)
Command duration or timeout: 20.59 seconds
For documentation on this error, please visit: http://seleniumhq.org/exceptions/no_such_element.html
Build info: version: '2.51.0', revision: '1af067dbcaedd7d2ab9af5151fc471d363d97193', time: '2016-02-05 11:20:57'
System info: host: 'Aswinikumars-MacBook-Pro.local', ip: '192.168.1.7', os.name: 'Mac OS X', os.arch: 'x86_64', os.version: '10.16', java.version: '1.8.0_311'
Driver info: io.appium.java_client.android.AndroidDriver
Capabilities [{appPackage=com.weather.Weather, statBarHeight=42, noReset=true, viewportRect={top=42, left=0, width=720, height=1354}, deviceName=277a9e7c891c7ece, platform=LINUX, deviceUDID=277a9e7c891c7ece, desired={appPackage=com.weather.Weather, appActivity=com.weather.Weather.app.SplashScreenActivity, noReset=true, newCommandTimeout=100000, platformVersion=10, automationName=UiAutomator2, platformName=Android, deviceName=Samsung}, newCommandTimeout=100000, platformVersion=10, webStorageEnabled=false, automationName=UiAutomator2, takesScreenshot=true, javascriptEnabled=true, platformName=Android, deviceApiLevel=29, deviceManufacturer=samsung, deviceScreenSize=720x1480, networkConnectionEnabled=true, warnings={}, databaseEnabled=false, appActivity=com.weather.Weather.app.SplashScreenActivity, pixelRatio=1.75, locationContextEnabled=false, deviceScreenDensity=280, deviceModel=SM-G965F}]
Session ID: fbf2a5de-5097-4ff5-a9b7-a06ec229b08d
*** Element info: {Using=xpath, value=/hierarchy/android.widget.FrameLayout/android.widget.LinearLayout/android.widget.FrameLayout/android.widget.LinearLayout/android.widget.FrameLayout/android.widget.FrameLayout/android.view.ViewGroup/android.view.ViewGroup/android.widget.LinearLayout/android.widget.HorizontalScrollView/android.widget.LinearLayout/androidx.appcompat.app.ActionBar.Tab[5]/android.widget.LinearLayout}
	at sun.reflect.NativeConstructorAccessorImpl.newInstance0(Native Method)
	at sun.reflect.NativeConstructorAccessorImpl.newInstance(NativeConstructorAccessorImpl.java:62)
	at sun.reflect.DelegatingConstructorAccessorImpl.newInstance(DelegatingConstructorAccessorImpl.java:45)
	at java.lang.reflect.Constructor.newInstance(Constructor.java:423)
	at org.openqa.selenium.remote.ErrorHandler.createThrowable(ErrorHandler.java:206)
	at org.openqa.selenium.remote.ErrorHandler.throwIfResponseFailed(ErrorHandler.java:158)
	at org.openqa.selenium.remote.RemoteWebDriver.execute(RemoteWebDriver.java:678)
	at io.appium.java_client.DefaultGenericMobileDriver.execute(DefaultGenericMobileDriver.java:40)
	at io.appium.java_client.AppiumDriver.execute(AppiumDriver.java:1)
	at io.appium.java_client.android.AndroidDriver.execute(AndroidDriver.java:1)
	at org.openqa.selenium.remote.RemoteWebDriver.findElement(RemoteWebDriver.java:363)
	at io.appium.java_client.DefaultGenericMobileDriver.findElement(DefaultGenericMobileDriver.java:56)
	at io.appium.java_client.AppiumDriver.findElement(AppiumDriver.java:1)
	at io.appium.java_client.android.AndroidDriver.findElement(AndroidDriver.java:1)
	at org.openqa.selenium.remote.RemoteWebDriver.findElementByXPath(RemoteWebDriver.java:500)
	at io.appium.java_client.DefaultGenericMobileDriver.findElementByXPath(DefaultGenericMobileDriver.java:134)
	at io.appium.java_client.AppiumDriver.findElementByXPath(AppiumDriver.java:1)
	at io.appium.java_client.android.AndroidDriver.findElementByXPath(AndroidDriver.java:1)
	at twc.Automation.General.Functions.clickonday5(Functions.java:6722)
	at twc.Automation.ExecutableTestCases.smokeTestCases.Smoke_Test_Verifying_newdailydetails_day5adcall_FTL(smokeTestCases.java:627)
	at sun.reflect.NativeMethodAccessorImpl.invoke0(Native Method)
	at sun.reflect.NativeMethodAccessorImpl.invoke(NativeMethodAccessorImpl.java:62)
	at sun.reflect.DelegatingMethodAccessorImpl.invoke(DelegatingMethodAccessorImpl.java:43)
	at java.lang.reflect.Method.invoke(Method.java:498)
	at org.testng.internal.MethodInvocationHelper.invokeMethod(MethodInvocationHelper.java:85)
	at org.testng.internal.Invoker.invokeMethod(Invoker.java:659)
	at org.testng.internal.Invoker.invokeTestMethod(Invoker.java:845)
	at org.testng.internal.Invoker.invokeTestMethods(Invoker.java:1153)
	at org.testng.internal.TestMethodWorker.invokeTestMethods(TestMethodWorker.java:125)
	at org.testng.internal.TestMethodWorker.run(TestMethodWorker.java:108)
	at org.testng.TestRunner.privateRun(TestRunner.java:771)
	at org.testng.TestRunner.run(TestRunner.java:621)
	at org.testng.SuiteRunner.runTest(SuiteRunner.java:357)
	at org.testng.SuiteRunner.runSequentially(SuiteRunner.java:352)
	at org.testng.SuiteRunner.privateRun(SuiteRunner.java:310)
	at org.testng.SuiteRunner.run(SuiteRunner.java:259)
	at org.testng.SuiteRunnerWorker.runSuite(SuiteRunnerWorker.java:52)
	at org.testng.SuiteRunnerWorker.run(SuiteRunnerWorker.java:86)
	at org.testng.TestNG.runSuitesSequentially(TestNG.java:1199)
	at org.testng.TestNG.runSuitesLocally(TestNG.java:1124)
	at org.testng.TestNG.run(TestNG.java:1032)
	at org.testng.remote.AbstractRemoteTestNG.run(AbstractRemoteTestNG.java:115)
	at org.testng.remote.RemoteTestNG.initAndRun(RemoteTestNG.java:251)
	at org.testng.remote.RemoteTestNG.main(RemoteTestNG.java:77)
]]>
            </full-stacktrace>
          </exception> <!-- org.openqa.selenium.NoSuchElementException -->
          <reporter-output>
          </reporter-output>
        </test-method> <!-- Smoke_Test_Verifying_newdailydetails_day5adcall_FTL -->
        <test-method status="PASS" signature="Smoke_Test_sz_Verifying_newdailydetails_day5adcall_FTL()[pri:0, instance:twc.Automation.ExecutableTestCases.smokeTestCases@7e0aadd0]" name="Smoke_Test_sz_Verifying_newdailydetails_day5adcall_FTL" duration-ms="35" started-at="2022-04-28T19:39:34Z" finished-at="2022-04-28T19:39:34Z">
          <reporter-output>
          </reporter-output>
        </test-method> <!-- Smoke_Test_sz_Verifying_newdailydetails_day5adcall_FTL -->
        <test-method status="FAIL" signature="Smoke_Test_Verifying_newdailydetails_day6adcall_FTL()[pri:0, instance:twc.Automation.ExecutableTestCases.smokeTestCases@7e0aadd0]" name="Smoke_Test_Verifying_newdailydetails_day6adcall_FTL" duration-ms="46291" started-at="2022-04-28T19:39:34Z" finished-at="2022-04-28T19:40:21Z">
          <exception class="org.openqa.selenium.NoSuchElementException">
            <message>
              <![CDATA[An element could not be located on the page using the given search parameters. (WARNING: The server did not provide any stacktrace information)
Command duration or timeout: 20.05 seconds
For documentation on this error, please visit: http://seleniumhq.org/exceptions/no_such_element.html
Build info: version: '2.51.0', revision: '1af067dbcaedd7d2ab9af5151fc471d363d97193', time: '2016-02-05 11:20:57'
System info: host: 'Aswinikumars-MacBook-Pro.local', ip: '192.168.1.7', os.name: 'Mac OS X', os.arch: 'x86_64', os.version: '10.16', java.version: '1.8.0_311'
Driver info: io.appium.java_client.android.AndroidDriver
Capabilities [{appPackage=com.weather.Weather, statBarHeight=42, noReset=true, viewportRect={top=42, left=0, width=720, height=1354}, deviceName=277a9e7c891c7ece, platform=LINUX, deviceUDID=277a9e7c891c7ece, desired={appPackage=com.weather.Weather, appActivity=com.weather.Weather.app.SplashScreenActivity, noReset=true, newCommandTimeout=100000, platformVersion=10, automationName=UiAutomator2, platformName=Android, deviceName=Samsung}, newCommandTimeout=100000, platformVersion=10, webStorageEnabled=false, automationName=UiAutomator2, takesScreenshot=true, javascriptEnabled=true, platformName=Android, deviceApiLevel=29, deviceManufacturer=samsung, deviceScreenSize=720x1480, networkConnectionEnabled=true, warnings={}, databaseEnabled=false, appActivity=com.weather.Weather.app.SplashScreenActivity, pixelRatio=1.75, locationContextEnabled=false, deviceScreenDensity=280, deviceModel=SM-G965F}]
Session ID: fbf2a5de-5097-4ff5-a9b7-a06ec229b08d
*** Element info: {Using=xpath, value=/hierarchy/android.widget.FrameLayout/android.widget.LinearLayout/android.widget.FrameLayout/android.widget.LinearLayout/android.widget.FrameLayout/android.widget.FrameLayout/android.view.ViewGroup/android.view.ViewGroup/android.widget.LinearLayout/android.widget.HorizontalScrollView/android.widget.LinearLayout/androidx.appcompat.app.ActionBar.Tab[5]/android.widget.LinearLayout}]]>
            </message>
            <full-stacktrace>
              <![CDATA[org.openqa.selenium.NoSuchElementException: An element could not be located on the page using the given search parameters. (WARNING: The server did not provide any stacktrace information)
Command duration or timeout: 20.05 seconds
For documentation on this error, please visit: http://seleniumhq.org/exceptions/no_such_element.html
Build info: version: '2.51.0', revision: '1af067dbcaedd7d2ab9af5151fc471d363d97193', time: '2016-02-05 11:20:57'
System info: host: 'Aswinikumars-MacBook-Pro.local', ip: '192.168.1.7', os.name: 'Mac OS X', os.arch: 'x86_64', os.version: '10.16', java.version: '1.8.0_311'
Driver info: io.appium.java_client.android.AndroidDriver
Capabilities [{appPackage=com.weather.Weather, statBarHeight=42, noReset=true, viewportRect={top=42, left=0, width=720, height=1354}, deviceName=277a9e7c891c7ece, platform=LINUX, deviceUDID=277a9e7c891c7ece, desired={appPackage=com.weather.Weather, appActivity=com.weather.Weather.app.SplashScreenActivity, noReset=true, newCommandTimeout=100000, platformVersion=10, automationName=UiAutomator2, platformName=Android, deviceName=Samsung}, newCommandTimeout=100000, platformVersion=10, webStorageEnabled=false, automationName=UiAutomator2, takesScreenshot=true, javascriptEnabled=true, platformName=Android, deviceApiLevel=29, deviceManufacturer=samsung, deviceScreenSize=720x1480, networkConnectionEnabled=true, warnings={}, databaseEnabled=false, appActivity=com.weather.Weather.app.SplashScreenActivity, pixelRatio=1.75, locationContextEnabled=false, deviceScreenDensity=280, deviceModel=SM-G965F}]
Session ID: fbf2a5de-5097-4ff5-a9b7-a06ec229b08d
*** Element info: {Using=xpath, value=/hierarchy/android.widget.FrameLayout/android.widget.LinearLayout/android.widget.FrameLayout/android.widget.LinearLayout/android.widget.FrameLayout/android.widget.FrameLayout/android.view.ViewGroup/android.view.ViewGroup/android.widget.LinearLayout/android.widget.HorizontalScrollView/android.widget.LinearLayout/androidx.appcompat.app.ActionBar.Tab[5]/android.widget.LinearLayout}
	at sun.reflect.NativeConstructorAccessorImpl.newInstance0(Native Method)
	at sun.reflect.NativeConstructorAccessorImpl.newInstance(NativeConstructorAccessorImpl.java:62)
	at sun.reflect.DelegatingConstructorAccessorImpl.newInstance(DelegatingConstructorAccessorImpl.java:45)
	at java.lang.reflect.Constructor.newInstance(Constructor.java:423)
	at org.openqa.selenium.remote.ErrorHandler.createThrowable(ErrorHandler.java:206)
	at org.openqa.selenium.remote.ErrorHandler.throwIfResponseFailed(ErrorHandler.java:158)
	at org.openqa.selenium.remote.RemoteWebDriver.execute(RemoteWebDriver.java:678)
	at io.appium.java_client.DefaultGenericMobileDriver.execute(DefaultGenericMobileDriver.java:40)
	at io.appium.java_client.AppiumDriver.execute(AppiumDriver.java:1)
	at io.appium.java_client.android.AndroidDriver.execute(AndroidDriver.java:1)
	at org.openqa.selenium.remote.RemoteWebDriver.findElement(RemoteWebDriver.java:363)
	at io.appium.java_client.DefaultGenericMobileDriver.findElement(DefaultGenericMobileDriver.java:56)
	at io.appium.java_client.AppiumDriver.findElement(AppiumDriver.java:1)
	at io.appium.java_client.android.AndroidDriver.findElement(AndroidDriver.java:1)
	at org.openqa.selenium.remote.RemoteWebDriver.findElementByXPath(RemoteWebDriver.java:500)
	at io.appium.java_client.DefaultGenericMobileDriver.findElementByXPath(DefaultGenericMobileDriver.java:134)
	at io.appium.java_client.AppiumDriver.findElementByXPath(AppiumDriver.java:1)
	at io.appium.java_client.android.AndroidDriver.findElementByXPath(AndroidDriver.java:1)
	at twc.Automation.General.Functions.clickonday6(Functions.java:6744)
	at twc.Automation.ExecutableTestCases.smokeTestCases.Smoke_Test_Verifying_newdailydetails_day6adcall_FTL(smokeTestCases.java:661)
	at sun.reflect.NativeMethodAccessorImpl.invoke0(Native Method)
	at sun.reflect.NativeMethodAccessorImpl.invoke(NativeMethodAccessorImpl.java:62)
	at sun.reflect.DelegatingMethodAccessorImpl.invoke(DelegatingMethodAccessorImpl.java:43)
	at java.lang.reflect.Method.invoke(Method.java:498)
	at org.testng.internal.MethodInvocationHelper.invokeMethod(MethodInvocationHelper.java:85)
	at org.testng.internal.Invoker.invokeMethod(Invoker.java:659)
	at org.testng.internal.Invoker.invokeTestMethod(Invoker.java:845)
	at org.testng.internal.Invoker.invokeTestMethods(Invoker.java:1153)
	at org.testng.internal.TestMethodWorker.invokeTestMethods(TestMethodWorker.java:125)
	at org.testng.internal.TestMethodWorker.run(TestMethodWorker.java:108)
	at org.testng.TestRunner.privateRun(TestRunner.java:771)
	at org.testng.TestRunner.run(TestRunner.java:621)
	at org.testng.SuiteRunner.runTest(SuiteRunner.java:357)
	at org.testng.SuiteRunner.runSequentially(SuiteRunner.java:352)
	at org.testng.SuiteRunner.privateRun(SuiteRunner.java:310)
	at org.testng.SuiteRunner.run(SuiteRunner.java:259)
	at org.testng.SuiteRunnerWorker.runSuite(SuiteRunnerWorker.java:52)
	at org.testng.SuiteRunnerWorker.run(SuiteRunnerWorker.java:86)
	at org.testng.TestNG.runSuitesSequentially(TestNG.java:1199)
	at org.testng.TestNG.runSuitesLocally(TestNG.java:1124)
	at org.testng.TestNG.run(TestNG.java:1032)
	at org.testng.remote.AbstractRemoteTestNG.run(AbstractRemoteTestNG.java:115)
	at org.testng.remote.RemoteTestNG.initAndRun(RemoteTestNG.java:251)
	at org.testng.remote.RemoteTestNG.main(RemoteTestNG.java:77)
]]>
            </full-stacktrace>
          </exception> <!-- org.openqa.selenium.NoSuchElementException -->
          <reporter-output>
          </reporter-output>
        </test-method> <!-- Smoke_Test_Verifying_newdailydetails_day6adcall_FTL -->
        <test-method status="PASS" signature="Smoke_Test_sz_Verifying_newdailydetails_day6adcall_FTL()[pri:0, instance:twc.Automation.ExecutableTestCases.smokeTestCases@7e0aadd0]" name="Smoke_Test_sz_Verifying_newdailydetails_day6adcall_FTL" duration-ms="36" started-at="2022-04-28T19:40:21Z" finished-at="2022-04-28T19:40:21Z">
          <reporter-output>
          </reporter-output>
        </test-method> <!-- Smoke_Test_sz_Verifying_newdailydetails_day6adcall_FTL -->
        <test-method status="FAIL" signature="Smoke_Test_Verifying_newdailydetails_day7adcall_FTL()[pri:0, instance:twc.Automation.ExecutableTestCases.smokeTestCases@7e0aadd0]" name="Smoke_Test_Verifying_newdailydetails_day7adcall_FTL" duration-ms="47694" started-at="2022-04-28T19:40:21Z" finished-at="2022-04-28T19:41:09Z">
          <exception class="org.openqa.selenium.NoSuchElementException">
            <message>
              <![CDATA[An element could not be located on the page using the given search parameters. (WARNING: The server did not provide any stacktrace information)
Command duration or timeout: 20.92 seconds
For documentation on this error, please visit: http://seleniumhq.org/exceptions/no_such_element.html
Build info: version: '2.51.0', revision: '1af067dbcaedd7d2ab9af5151fc471d363d97193', time: '2016-02-05 11:20:57'
System info: host: 'Aswinikumars-MacBook-Pro.local', ip: '192.168.1.7', os.name: 'Mac OS X', os.arch: 'x86_64', os.version: '10.16', java.version: '1.8.0_311'
Driver info: io.appium.java_client.android.AndroidDriver
Capabilities [{appPackage=com.weather.Weather, statBarHeight=42, noReset=true, viewportRect={top=42, left=0, width=720, height=1354}, deviceName=277a9e7c891c7ece, platform=LINUX, deviceUDID=277a9e7c891c7ece, desired={appPackage=com.weather.Weather, appActivity=com.weather.Weather.app.SplashScreenActivity, noReset=true, newCommandTimeout=100000, platformVersion=10, automationName=UiAutomator2, platformName=Android, deviceName=Samsung}, newCommandTimeout=100000, platformVersion=10, webStorageEnabled=false, automationName=UiAutomator2, takesScreenshot=true, javascriptEnabled=true, platformName=Android, deviceApiLevel=29, deviceManufacturer=samsung, deviceScreenSize=720x1480, networkConnectionEnabled=true, warnings={}, databaseEnabled=false, appActivity=com.weather.Weather.app.SplashScreenActivity, pixelRatio=1.75, locationContextEnabled=false, deviceScreenDensity=280, deviceModel=SM-G965F}]
Session ID: fbf2a5de-5097-4ff5-a9b7-a06ec229b08d
*** Element info: {Using=xpath, value=/hierarchy/android.widget.FrameLayout/android.widget.LinearLayout/android.widget.FrameLayout/android.widget.LinearLayout/android.widget.FrameLayout/android.widget.FrameLayout/android.view.ViewGroup/android.view.ViewGroup/android.widget.LinearLayout/android.widget.HorizontalScrollView/android.widget.LinearLayout/androidx.appcompat.app.ActionBar.Tab[5]/android.widget.LinearLayout}]]>
            </message>
            <full-stacktrace>
              <![CDATA[org.openqa.selenium.NoSuchElementException: An element could not be located on the page using the given search parameters. (WARNING: The server did not provide any stacktrace information)
Command duration or timeout: 20.92 seconds
For documentation on this error, please visit: http://seleniumhq.org/exceptions/no_such_element.html
Build info: version: '2.51.0', revision: '1af067dbcaedd7d2ab9af5151fc471d363d97193', time: '2016-02-05 11:20:57'
System info: host: 'Aswinikumars-MacBook-Pro.local', ip: '192.168.1.7', os.name: 'Mac OS X', os.arch: 'x86_64', os.version: '10.16', java.version: '1.8.0_311'
Driver info: io.appium.java_client.android.AndroidDriver
Capabilities [{appPackage=com.weather.Weather, statBarHeight=42, noReset=true, viewportRect={top=42, left=0, width=720, height=1354}, deviceName=277a9e7c891c7ece, platform=LINUX, deviceUDID=277a9e7c891c7ece, desired={appPackage=com.weather.Weather, appActivity=com.weather.Weather.app.SplashScreenActivity, noReset=true, newCommandTimeout=100000, platformVersion=10, automationName=UiAutomator2, platformName=Android, deviceName=Samsung}, newCommandTimeout=100000, platformVersion=10, webStorageEnabled=false, automationName=UiAutomator2, takesScreenshot=true, javascriptEnabled=true, platformName=Android, deviceApiLevel=29, deviceManufacturer=samsung, deviceScreenSize=720x1480, networkConnectionEnabled=true, warnings={}, databaseEnabled=false, appActivity=com.weather.Weather.app.SplashScreenActivity, pixelRatio=1.75, locationContextEnabled=false, deviceScreenDensity=280, deviceModel=SM-G965F}]
Session ID: fbf2a5de-5097-4ff5-a9b7-a06ec229b08d
*** Element info: {Using=xpath, value=/hierarchy/android.widget.FrameLayout/android.widget.LinearLayout/android.widget.FrameLayout/android.widget.LinearLayout/android.widget.FrameLayout/android.widget.FrameLayout/android.view.ViewGroup/android.view.ViewGroup/android.widget.LinearLayout/android.widget.HorizontalScrollView/android.widget.LinearLayout/androidx.appcompat.app.ActionBar.Tab[5]/android.widget.LinearLayout}
	at sun.reflect.GeneratedConstructorAccessor91.newInstance(Unknown Source)
	at sun.reflect.DelegatingConstructorAccessorImpl.newInstance(DelegatingConstructorAccessorImpl.java:45)
	at java.lang.reflect.Constructor.newInstance(Constructor.java:423)
	at org.openqa.selenium.remote.ErrorHandler.createThrowable(ErrorHandler.java:206)
	at org.openqa.selenium.remote.ErrorHandler.throwIfResponseFailed(ErrorHandler.java:158)
	at org.openqa.selenium.remote.RemoteWebDriver.execute(RemoteWebDriver.java:678)
	at io.appium.java_client.DefaultGenericMobileDriver.execute(DefaultGenericMobileDriver.java:40)
	at io.appium.java_client.AppiumDriver.execute(AppiumDriver.java:1)
	at io.appium.java_client.android.AndroidDriver.execute(AndroidDriver.java:1)
	at org.openqa.selenium.remote.RemoteWebDriver.findElement(RemoteWebDriver.java:363)
	at io.appium.java_client.DefaultGenericMobileDriver.findElement(DefaultGenericMobileDriver.java:56)
	at io.appium.java_client.AppiumDriver.findElement(AppiumDriver.java:1)
	at io.appium.java_client.android.AndroidDriver.findElement(AndroidDriver.java:1)
	at org.openqa.selenium.remote.RemoteWebDriver.findElementByXPath(RemoteWebDriver.java:500)
	at io.appium.java_client.DefaultGenericMobileDriver.findElementByXPath(DefaultGenericMobileDriver.java:134)
	at io.appium.java_client.AppiumDriver.findElementByXPath(AppiumDriver.java:1)
	at io.appium.java_client.android.AndroidDriver.findElementByXPath(AndroidDriver.java:1)
	at twc.Automation.General.Functions.clickonday7(Functions.java:6765)
	at twc.Automation.ExecutableTestCases.smokeTestCases.Smoke_Test_Verifying_newdailydetails_day7adcall_FTL(smokeTestCases.java:697)
	at sun.reflect.NativeMethodAccessorImpl.invoke0(Native Method)
	at sun.reflect.NativeMethodAccessorImpl.invoke(NativeMethodAccessorImpl.java:62)
	at sun.reflect.DelegatingMethodAccessorImpl.invoke(DelegatingMethodAccessorImpl.java:43)
	at java.lang.reflect.Method.invoke(Method.java:498)
	at org.testng.internal.MethodInvocationHelper.invokeMethod(MethodInvocationHelper.java:85)
	at org.testng.internal.Invoker.invokeMethod(Invoker.java:659)
	at org.testng.internal.Invoker.invokeTestMethod(Invoker.java:845)
	at org.testng.internal.Invoker.invokeTestMethods(Invoker.java:1153)
	at org.testng.internal.TestMethodWorker.invokeTestMethods(TestMethodWorker.java:125)
	at org.testng.internal.TestMethodWorker.run(TestMethodWorker.java:108)
	at org.testng.TestRunner.privateRun(TestRunner.java:771)
	at org.testng.TestRunner.run(TestRunner.java:621)
	at org.testng.SuiteRunner.runTest(SuiteRunner.java:357)
	at org.testng.SuiteRunner.runSequentially(SuiteRunner.java:352)
	at org.testng.SuiteRunner.privateRun(SuiteRunner.java:310)
	at org.testng.SuiteRunner.run(SuiteRunner.java:259)
	at org.testng.SuiteRunnerWorker.runSuite(SuiteRunnerWorker.java:52)
	at org.testng.SuiteRunnerWorker.run(SuiteRunnerWorker.java:86)
	at org.testng.TestNG.runSuitesSequentially(TestNG.java:1199)
	at org.testng.TestNG.runSuitesLocally(TestNG.java:1124)
	at org.testng.TestNG.run(TestNG.java:1032)
	at org.testng.remote.AbstractRemoteTestNG.run(AbstractRemoteTestNG.java:115)
	at org.testng.remote.RemoteTestNG.initAndRun(RemoteTestNG.java:251)
	at org.testng.remote.RemoteTestNG.main(RemoteTestNG.java:77)
]]>
            </full-stacktrace>
          </exception> <!-- org.openqa.selenium.NoSuchElementException -->
          <reporter-output>
          </reporter-output>
        </test-method> <!-- Smoke_Test_Verifying_newdailydetails_day7adcall_FTL -->
        <test-method status="PASS" signature="Smoke_Test_sz_Verifying_newdailydetails_day7adcall_FTL()[pri:0, instance:twc.Automation.ExecutableTestCases.smokeTestCases@7e0aadd0]" name="Smoke_Test_sz_Verifying_newdailydetails_day7adcall_FTL" duration-ms="26" started-at="2022-04-28T19:41:09Z" finished-at="2022-04-28T19:41:09Z">
          <reporter-output>
          </reporter-output>
        </test-method> <!-- Smoke_Test_sz_Verifying_newdailydetails_day7adcall_FTL -->
        <test-method status="FAIL" signature="Smoke_Test_Verifying_newdailydetails_day8adcall_FTL()[pri:0, instance:twc.Automation.ExecutableTestCases.smokeTestCases@7e0aadd0]" name="Smoke_Test_Verifying_newdailydetails_day8adcall_FTL" duration-ms="47101" started-at="2022-04-28T19:41:09Z" finished-at="2022-04-28T19:41:56Z">
          <exception class="org.openqa.selenium.NoSuchElementException">
            <message>
              <![CDATA[An element could not be located on the page using the given search parameters. (WARNING: The server did not provide any stacktrace information)
Command duration or timeout: 20.27 seconds
For documentation on this error, please visit: http://seleniumhq.org/exceptions/no_such_element.html
Build info: version: '2.51.0', revision: '1af067dbcaedd7d2ab9af5151fc471d363d97193', time: '2016-02-05 11:20:57'
System info: host: 'Aswinikumars-MacBook-Pro.local', ip: '192.168.1.7', os.name: 'Mac OS X', os.arch: 'x86_64', os.version: '10.16', java.version: '1.8.0_311'
Driver info: io.appium.java_client.android.AndroidDriver
Capabilities [{appPackage=com.weather.Weather, statBarHeight=42, noReset=true, viewportRect={top=42, left=0, width=720, height=1354}, deviceName=277a9e7c891c7ece, platform=LINUX, deviceUDID=277a9e7c891c7ece, desired={appPackage=com.weather.Weather, appActivity=com.weather.Weather.app.SplashScreenActivity, noReset=true, newCommandTimeout=100000, platformVersion=10, automationName=UiAutomator2, platformName=Android, deviceName=Samsung}, newCommandTimeout=100000, platformVersion=10, webStorageEnabled=false, automationName=UiAutomator2, takesScreenshot=true, javascriptEnabled=true, platformName=Android, deviceApiLevel=29, deviceManufacturer=samsung, deviceScreenSize=720x1480, networkConnectionEnabled=true, warnings={}, databaseEnabled=false, appActivity=com.weather.Weather.app.SplashScreenActivity, pixelRatio=1.75, locationContextEnabled=false, deviceScreenDensity=280, deviceModel=SM-G965F}]
Session ID: fbf2a5de-5097-4ff5-a9b7-a06ec229b08d
*** Element info: {Using=xpath, value=/hierarchy/android.widget.FrameLayout/android.widget.LinearLayout/android.widget.FrameLayout/android.widget.LinearLayout/android.widget.FrameLayout/android.widget.FrameLayout/android.view.ViewGroup/android.view.ViewGroup/android.widget.LinearLayout/android.widget.HorizontalScrollView/android.widget.LinearLayout/androidx.appcompat.app.ActionBar.Tab[5]/android.widget.LinearLayout}]]>
            </message>
            <full-stacktrace>
              <![CDATA[org.openqa.selenium.NoSuchElementException: An element could not be located on the page using the given search parameters. (WARNING: The server did not provide any stacktrace information)
Command duration or timeout: 20.27 seconds
For documentation on this error, please visit: http://seleniumhq.org/exceptions/no_such_element.html
Build info: version: '2.51.0', revision: '1af067dbcaedd7d2ab9af5151fc471d363d97193', time: '2016-02-05 11:20:57'
System info: host: 'Aswinikumars-MacBook-Pro.local', ip: '192.168.1.7', os.name: 'Mac OS X', os.arch: 'x86_64', os.version: '10.16', java.version: '1.8.0_311'
Driver info: io.appium.java_client.android.AndroidDriver
Capabilities [{appPackage=com.weather.Weather, statBarHeight=42, noReset=true, viewportRect={top=42, left=0, width=720, height=1354}, deviceName=277a9e7c891c7ece, platform=LINUX, deviceUDID=277a9e7c891c7ece, desired={appPackage=com.weather.Weather, appActivity=com.weather.Weather.app.SplashScreenActivity, noReset=true, newCommandTimeout=100000, platformVersion=10, automationName=UiAutomator2, platformName=Android, deviceName=Samsung}, newCommandTimeout=100000, platformVersion=10, webStorageEnabled=false, automationName=UiAutomator2, takesScreenshot=true, javascriptEnabled=true, platformName=Android, deviceApiLevel=29, deviceManufacturer=samsung, deviceScreenSize=720x1480, networkConnectionEnabled=true, warnings={}, databaseEnabled=false, appActivity=com.weather.Weather.app.SplashScreenActivity, pixelRatio=1.75, locationContextEnabled=false, deviceScreenDensity=280, deviceModel=SM-G965F}]
Session ID: fbf2a5de-5097-4ff5-a9b7-a06ec229b08d
*** Element info: {Using=xpath, value=/hierarchy/android.widget.FrameLayout/android.widget.LinearLayout/android.widget.FrameLayout/android.widget.LinearLayout/android.widget.FrameLayout/android.widget.FrameLayout/android.view.ViewGroup/android.view.ViewGroup/android.widget.LinearLayout/android.widget.HorizontalScrollView/android.widget.LinearLayout/androidx.appcompat.app.ActionBar.Tab[5]/android.widget.LinearLayout}
	at sun.reflect.GeneratedConstructorAccessor91.newInstance(Unknown Source)
	at sun.reflect.DelegatingConstructorAccessorImpl.newInstance(DelegatingConstructorAccessorImpl.java:45)
	at java.lang.reflect.Constructor.newInstance(Constructor.java:423)
	at org.openqa.selenium.remote.ErrorHandler.createThrowable(ErrorHandler.java:206)
	at org.openqa.selenium.remote.ErrorHandler.throwIfResponseFailed(ErrorHandler.java:158)
	at org.openqa.selenium.remote.RemoteWebDriver.execute(RemoteWebDriver.java:678)
	at io.appium.java_client.DefaultGenericMobileDriver.execute(DefaultGenericMobileDriver.java:40)
	at io.appium.java_client.AppiumDriver.execute(AppiumDriver.java:1)
	at io.appium.java_client.android.AndroidDriver.execute(AndroidDriver.java:1)
	at org.openqa.selenium.remote.RemoteWebDriver.findElement(RemoteWebDriver.java:363)
	at io.appium.java_client.DefaultGenericMobileDriver.findElement(DefaultGenericMobileDriver.java:56)
	at io.appium.java_client.AppiumDriver.findElement(AppiumDriver.java:1)
	at io.appium.java_client.android.AndroidDriver.findElement(AndroidDriver.java:1)
	at org.openqa.selenium.remote.RemoteWebDriver.findElementByXPath(RemoteWebDriver.java:500)
	at io.appium.java_client.DefaultGenericMobileDriver.findElementByXPath(DefaultGenericMobileDriver.java:134)
	at io.appium.java_client.AppiumDriver.findElementByXPath(AppiumDriver.java:1)
	at io.appium.java_client.android.AndroidDriver.findElementByXPath(AndroidDriver.java:1)
	at twc.Automation.General.Functions.clickonday8(Functions.java:6786)
	at twc.Automation.ExecutableTestCases.smokeTestCases.Smoke_Test_Verifying_newdailydetails_day8adcall_FTL(smokeTestCases.java:731)
	at sun.reflect.NativeMethodAccessorImpl.invoke0(Native Method)
	at sun.reflect.NativeMethodAccessorImpl.invoke(NativeMethodAccessorImpl.java:62)
	at sun.reflect.DelegatingMethodAccessorImpl.invoke(DelegatingMethodAccessorImpl.java:43)
	at java.lang.reflect.Method.invoke(Method.java:498)
	at org.testng.internal.MethodInvocationHelper.invokeMethod(MethodInvocationHelper.java:85)
	at org.testng.internal.Invoker.invokeMethod(Invoker.java:659)
	at org.testng.internal.Invoker.invokeTestMethod(Invoker.java:845)
	at org.testng.internal.Invoker.invokeTestMethods(Invoker.java:1153)
	at org.testng.internal.TestMethodWorker.invokeTestMethods(TestMethodWorker.java:125)
	at org.testng.internal.TestMethodWorker.run(TestMethodWorker.java:108)
	at org.testng.TestRunner.privateRun(TestRunner.java:771)
	at org.testng.TestRunner.run(TestRunner.java:621)
	at org.testng.SuiteRunner.runTest(SuiteRunner.java:357)
	at org.testng.SuiteRunner.runSequentially(SuiteRunner.java:352)
	at org.testng.SuiteRunner.privateRun(SuiteRunner.java:310)
	at org.testng.SuiteRunner.run(SuiteRunner.java:259)
	at org.testng.SuiteRunnerWorker.runSuite(SuiteRunnerWorker.java:52)
	at org.testng.SuiteRunnerWorker.run(SuiteRunnerWorker.java:86)
	at org.testng.TestNG.runSuitesSequentially(TestNG.java:1199)
	at org.testng.TestNG.runSuitesLocally(TestNG.java:1124)
	at org.testng.TestNG.run(TestNG.java:1032)
	at org.testng.remote.AbstractRemoteTestNG.run(AbstractRemoteTestNG.java:115)
[...]
	at java.lang.reflect.Method.invoke(Method.java:498)
	at org.testng.internal.MethodInvocationHelper.invokeMethod(MethodInvocationHelper.java:85)
	at org.testng.internal.Invoker.invokeMethod(Invoker.java:659)
	at org.testng.internal.Invoker.invokeTestMethod(Invoker.java:845)
	at org.testng.internal.Invoker.invokeTestMethods(Invoker.java:1153)
	at org.testng.internal.TestMethodWorker.invokeTestMethods(TestMethodWorker.java:125)
	at org.testng.internal.TestMethodWorker.run(TestMethodWorker.java:108)
	at org.testng.TestRunner.privateRun(TestRunner.java:771)
	at org.testng.TestRunner.run(TestRunner.java:621)
	at org.testng.SuiteRunner.runTest(SuiteRunner.java:357)
	at org.testng.SuiteRunner.runSequentially(SuiteRunner.java:352)
	at org.testng.SuiteRunner.privateRun(SuiteRunner.java:310)
	at org.testng.SuiteRunner.run(SuiteRunner.java:259)
	at org.testng.SuiteRunnerWorker.runSuite(SuiteRunnerWorker.java:52)
	at org.testng.SuiteRunnerWorker.run(SuiteRunnerWorker.java:86)
	at org.testng.TestNG.runSuitesSequentially(TestNG.java:1199)
	at org.testng.TestNG.runSuitesLocally(TestNG.java:1124)
	at org.testng.TestNG.run(TestNG.java:1032)
	at org.testng.remote.AbstractRemoteTestNG.run(AbstractRemoteTestNG.java:115)
	at org.testng.remote.RemoteTestNG.initAndRun(RemoteTestNG.java:251)
	at org.testng.remote.RemoteTestNG.main(RemoteTestNG.java:77)
]]>
            </full-stacktrace>
          </exception> <!-- java.io.FileNotFoundException -->
          <reporter-output>
          </reporter-output>
        </test-method> <!-- Validate_DailyDetails_hzcs_Custom_param -->
        <test-method status="FAIL" signature="Validate_MapDetails_hzcs_Custom_param()[pri:0, instance:twc.Automation.ExecutableTestCases.smokeTestCases@7e0aadd0]" name="Validate_MapDetails_hzcs_Custom_param" duration-ms="439" started-at="2022-04-28T20:06:01Z" finished-at="2022-04-28T20:06:02Z">
          <exception class="java.io.FileNotFoundException">
            <message>
              <![CDATA[/Excel_Sheet/TWC_CustParam_Framework.xls (No such file or directory)]]>
            </message>
            <full-stacktrace>
              <![CDATA[java.io.FileNotFoundException: /Excel_Sheet/TWC_CustParam_Framework.xls (No such file or directory)
	at java.io.FileInputStream.open0(Native Method)
	at java.io.FileInputStream.open(FileInputStream.java:195)
	at java.io.FileInputStream.<init>(FileInputStream.java:138)
	at twc.Automation.ReadDataFromFile.read_excel_data.exceldataread_Custom_Parameters(read_excel_data.java:61)
	at twc.Automation.General.Utils.get_param_value_from_APICalls(Utils.java:3142)
	at twc.Automation.General.Utils.validate_custom_param_val_of_gampad_with_zip(Utils.java:4113)
	at twc.Automation.ExecutableTestCases.smokeTestCases.Validate_MapDetails_hzcs_Custom_param(smokeTestCases.java:2623)
	at sun.reflect.NativeMethodAccessorImpl.invoke0(Native Method)
	at sun.reflect.NativeMethodAccessorImpl.invoke(NativeMethodAccessorImpl.java:62)
	at sun.reflect.DelegatingMethodAccessorImpl.invoke(DelegatingMethodAccessorImpl.java:43)
	at java.lang.reflect.Method.invoke(Method.java:498)
	at org.testng.internal.MethodInvocationHelper.invokeMethod(MethodInvocationHelper.java:85)
	at org.testng.internal.Invoker.invokeMethod(Invoker.java:659)
	at org.testng.internal.Invoker.invokeTestMethod(Invoker.java:845)
	at org.testng.internal.Invoker.invokeTestMethods(Invoker.java:1153)
	at org.testng.internal.TestMethodWorker.invokeTestMethods(TestMethodWorker.java:125)
	at org.testng.internal.TestMethodWorker.run(TestMethodWorker.java:108)
	at org.testng.TestRunner.privateRun(TestRunner.java:771)
	at org.testng.TestRunner.run(TestRunner.java:621)
	at org.testng.SuiteRunner.runTest(SuiteRunner.java:357)
	at org.testng.SuiteRunner.runSequentially(SuiteRunner.java:352)
	at org.testng.SuiteRunner.privateRun(SuiteRunner.java:310)
	at org.testng.SuiteRunner.run(SuiteRunner.java:259)
	at org.testng.SuiteRunnerWorker.runSuite(SuiteRunnerWorker.java:52)
	at org.testng.SuiteRunnerWorker.run(SuiteRunnerWorker.java:86)
	at org.testng.TestNG.runSuitesSequentially(TestNG.java:1199)
	at org.testng.TestNG.runSuitesLocally(TestNG.java:1124)
	at org.testng.TestNG.run(TestNG.java:1032)
	at org.testng.remote.AbstractRemoteTestNG.run(AbstractRemoteTestNG.java:115)
	at org.testng.remote.RemoteTestNG.initAndRun(RemoteTestNG.java:251)
	at org.testng.remote.RemoteTestNG.main(RemoteTestNG.java:77)
]]>
            </full-stacktrace>
          </exception> <!-- java.io.FileNotFoundException -->
          <reporter-output>
          </reporter-output>
        </test-method> <!-- Validate_MapDetails_hzcs_Custom_param -->
        <test-method status="FAIL" signature="Validate_VideosDetails_hzcs_Custom_param()[pri:0, instance:twc.Automation.ExecutableTestCases.smokeTestCases@7e0aadd0]" name="Validate_VideosDetails_hzcs_Custom_param" duration-ms="424" started-at="2022-04-28T20:06:02Z" finished-at="2022-04-28T20:06:02Z">
          <exception class="java.io.FileNotFoundException">
            <message>
              <![CDATA[/Excel_Sheet/TWC_CustParam_Framework.xls (No such file or directory)]]>
            </message>
            <full-stacktrace>
              <![CDATA[java.io.FileNotFoundException: /Excel_Sheet/TWC_CustParam_Framework.xls (No such file or directory)
	at java.io.FileInputStream.open0(Native Method)
	at java.io.FileInputStream.open(FileInputStream.java:195)
	at java.io.FileInputStream.<init>(FileInputStream.java:138)
	at twc.Automation.ReadDataFromFile.read_excel_data.exceldataread_Custom_Parameters(read_excel_data.java:61)
	at twc.Automation.General.Utils.get_param_value_from_APICalls(Utils.java:3142)
	at twc.Automation.General.Utils.validate_custom_param_val_of_gampad_with_zip(Utils.java:4113)
	at twc.Automation.ExecutableTestCases.smokeTestCases.Validate_VideosDetails_hzcs_Custom_param(smokeTestCases.java:2634)
	at sun.reflect.NativeMethodAccessorImpl.invoke0(Native Method)
	at sun.reflect.NativeMethodAccessorImpl.invoke(NativeMethodAccessorImpl.java:62)
	at sun.reflect.DelegatingMethodAccessorImpl.invoke(DelegatingMethodAccessorImpl.java:43)
	at java.lang.reflect.Method.invoke(Method.java:498)
	at org.testng.internal.MethodInvocationHelper.invokeMethod(MethodInvocationHelper.java:85)
	at org.testng.internal.Invoker.invokeMethod(Invoker.java:659)
	at org.testng.internal.Invoker.invokeTestMethod(Invoker.java:845)
	at org.testng.internal.Invoker.invokeTestMethods(Invoker.java:1153)
	at org.testng.internal.TestMethodWorker.invokeTestMethods(TestMethodWorker.java:125)
	at org.testng.internal.TestMethodWorker.run(TestMethodWorker.java:108)
	at org.testng.TestRunner.privateRun(TestRunner.java:771)
	at org.testng.TestRunner.run(TestRunner.java:621)
	at org.testng.SuiteRunner.runTest(SuiteRunner.java:357)
	at org.testng.SuiteRunner.runSequentially(SuiteRunner.java:352)
	at org.testng.SuiteRunner.privateRun(SuiteRunner.java:310)
	at org.testng.SuiteRunner.run(SuiteRunner.java:259)
	at org.testng.SuiteRunnerWorker.runSuite(SuiteRunnerWorker.java:52)
	at org.testng.SuiteRunnerWorker.run(SuiteRunnerWorker.java:86)
	at org.testng.TestNG.runSuitesSequentially(TestNG.java:1199)
	at org.testng.TestNG.runSuitesLocally(TestNG.java:1124)
	at org.testng.TestNG.run(TestNG.java:1032)
	at org.testng.remote.AbstractRemoteTestNG.run(AbstractRemoteTestNG.java:115)
	at org.testng.remote.RemoteTestNG.initAndRun(RemoteTestNG.java:251)
	at org.testng.remote.RemoteTestNG.main(RemoteTestNG.java:77)
]]>
            </full-stacktrace>
          </exception> <!-- java.io.FileNotFoundException -->
          <reporter-output>
          </reporter-output>
        </test-method> <!-- Validate_VideosDetails_hzcs_Custom_param -->
        <test-method status="FAIL" signature="Validate_HourlyDetails_nzcs_Custom_param()[pri:0, instance:twc.Automation.ExecutableTestCases.smokeTestCases@7e0aadd0]" name="Validate_HourlyDetails_nzcs_Custom_param" duration-ms="426" started-at="2022-04-28T20:06:02Z" finished-at="2022-04-28T20:06:03Z">
          <exception class="java.io.FileNotFoundException">
            <message>
              <![CDATA[/Excel_Sheet/TWC_CustParam_Framework.xls (No such file or directory)]]>
            </message>
            <full-stacktrace>
              <![CDATA[java.io.FileNotFoundException: /Excel_Sheet/TWC_CustParam_Framework.xls (No such file or directory)
	at java.io.FileInputStream.open0(Native Method)
	at java.io.FileInputStream.open(FileInputStream.java:195)
	at java.io.FileInputStream.<init>(FileInputStream.java:138)
	at twc.Automation.ReadDataFromFile.read_excel_data.exceldataread_Custom_Parameters(read_excel_data.java:61)
	at twc.Automation.General.Utils.get_param_value_from_APICalls(Utils.java:3142)
	at twc.Automation.General.Utils.validate_custom_param_val_of_gampad_with_zip(Utils.java:4113)
	at twc.Automation.ExecutableTestCases.smokeTestCases.Validate_HourlyDetails_nzcs_Custom_param(smokeTestCases.java:2648)
	at sun.reflect.NativeMethodAccessorImpl.invoke0(Native Method)
	at sun.reflect.NativeMethodAccessorImpl.invoke(NativeMethodAccessorImpl.java:62)
	at sun.reflect.DelegatingMethodAccessorImpl.invoke(DelegatingMethodAccessorImpl.java:43)
	at java.lang.reflect.Method.invoke(Method.java:498)
	at org.testng.internal.MethodInvocationHelper.invokeMethod(MethodInvocationHelper.java:85)
	at org.testng.internal.Invoker.invokeMethod(Invoker.java:659)
	at org.testng.internal.Invoker.invokeTestMethod(Invoker.java:845)
	at org.testng.internal.Invoker.invokeTestMethods(Invoker.java:1153)
	at org.testng.internal.TestMethodWorker.invokeTestMethods(TestMethodWorker.java:125)
	at org.testng.internal.TestMethodWorker.run(TestMethodWorker.java:108)
	at org.testng.TestRunner.privateRun(TestRunner.java:771)
	at org.testng.TestRunner.run(TestRunner.java:621)
	at org.testng.SuiteRunner.runTest(SuiteRunner.java:357)
	at org.testng.SuiteRunner.runSequentially(SuiteRunner.java:352)
	at org.testng.SuiteRunner.privateRun(SuiteRunner.java:310)
	at org.testng.SuiteRunner.run(SuiteRunner.java:259)
	at org.testng.SuiteRunnerWorker.runSuite(SuiteRunnerWorker.java:52)
	at org.testng.SuiteRunnerWorker.run(SuiteRunnerWorker.java:86)
	at org.testng.TestNG.runSuitesSequentially(TestNG.java:1199)
	at org.testng.TestNG.runSuitesLocally(TestNG.java:1124)
	at org.testng.TestNG.run(TestNG.java:1032)
	at org.testng.remote.AbstractRemoteTestNG.run(AbstractRemoteTestNG.java:115)
	at org.testng.remote.RemoteTestNG.initAndRun(RemoteTestNG.java:251)
	at org.testng.remote.RemoteTestNG.main(RemoteTestNG.java:77)
]]>
            </full-stacktrace>
          </exception> <!-- java.io.FileNotFoundException -->
          <reporter-output>
          </reporter-output>
        </test-method> <!-- Validate_HourlyDetails_nzcs_Custom_param -->
        <test-method status="FAIL" signature="Validate_DailyDetails_nzcs_Custom_param()[pri:0, instance:twc.Automation.ExecutableTestCases.smokeTestCases@7e0aadd0]" name="Validate_DailyDetails_nzcs_Custom_param" duration-ms="562" started-at="2022-04-28T20:06:03Z" finished-at="2022-04-28T20:06:03Z">
          <exception class="java.io.FileNotFoundException">
            <message>
              <![CDATA[/Excel_Sheet/TWC_CustParam_Framework.xls (No such file or directory)]]>
            </message>
            <full-stacktrace>
              <![CDATA[java.io.FileNotFoundException: /Excel_Sheet/TWC_CustParam_Framework.xls (No such file or directory)
	at java.io.FileInputStream.open0(Native Method)
	at java.io.FileInputStream.open(FileInputStream.java:195)
	at java.io.FileInputStream.<init>(FileInputStream.java:138)
	at twc.Automation.ReadDataFromFile.read_excel_data.exceldataread_Custom_Parameters(read_excel_data.java:61)
	at twc.Automation.General.Utils.get_param_value_from_APICalls(Utils.java:3142)
	at twc.Automation.General.Utils.validate_custom_param_val_of_gampad_with_zip(Utils.java:4113)
	at twc.Automation.ExecutableTestCases.smokeTestCases.Validate_DailyDetails_nzcs_Custom_param(smokeTestCases.java:2661)
	at sun.reflect.NativeMethodAccessorImpl.invoke0(Native Method)
	at sun.reflect.NativeMethodAccessorImpl.invoke(NativeMethodAccessorImpl.java:62)
	at sun.reflect.DelegatingMethodAccessorImpl.invoke(DelegatingMethodAccessorImpl.java:43)
	at java.lang.reflect.Method.invoke(Method.java:498)
	at org.testng.internal.MethodInvocationHelper.invokeMethod(MethodInvocationHelper.java:85)
	at org.testng.internal.Invoker.invokeMethod(Invoker.java:659)
	at org.testng.internal.Invoker.invokeTestMethod(Invoker.java:845)
	at org.testng.internal.Invoker.invokeTestMethods(Invoker.java:1153)
	at org.testng.internal.TestMethodWorker.invokeTestMethods(TestMethodWorker.java:125)
	at org.testng.internal.TestMethodWorker.run(TestMethodWorker.java:108)
	at org.testng.TestRunner.privateRun(TestRunner.java:771)
	at org.testng.TestRunner.run(TestRunner.java:621)
	at org.testng.SuiteRunner.runTest(SuiteRunner.java:357)
	at org.testng.SuiteRunner.runSequentially(SuiteRunner.java:352)
	at org.testng.SuiteRunner.privateRun(SuiteRunner.java:310)
	at org.testng.SuiteRunner.run(SuiteRunner.java:259)
	at org.testng.SuiteRunnerWorker.runSuite(SuiteRunnerWorker.java:52)
	at org.testng.SuiteRunnerWorker.run(SuiteRunnerWorker.java:86)
	at org.testng.TestNG.runSuitesSequentially(TestNG.java:1199)
	at org.testng.TestNG.runSuitesLocally(TestNG.java:1124)
	at org.testng.TestNG.run(TestNG.java:1032)
	at org.testng.remote.AbstractRemoteTestNG.run(AbstractRemoteTestNG.java:115)
	at org.testng.remote.RemoteTestNG.initAndRun(RemoteTestNG.java:251)
	at org.testng.remote.RemoteTestNG.main(RemoteTestNG.java:77)
]]>
            </full-stacktrace>
          </exception> <!-- java.io.FileNotFoundException -->
          <reporter-output>
          </reporter-output>
        </test-method> <!-- Validate_DailyDetails_nzcs_Custom_param -->
        <test-method status="FAIL" signature="Valida0te_MapDetails_nzcs_Custom_param()[pri:0, instance:twc.Automation.ExecutableTestCases.smokeTestCases@7e0aadd0]" name="Valida0te_MapDetails_nzcs_Custom_param" duration-ms="450" started-at="2022-04-28T20:06:03Z" finished-at="2022-04-28T20:06:04Z">
          <exception class="java.io.FileNotFoundException">
            <message>
              <![CDATA[/Excel_Sheet/TWC_CustParam_Framework.xls (No such file or directory)]]>
            </message>
            <full-stacktrace>
              <![CDATA[java.io.FileNotFoundException: /Excel_Sheet/TWC_CustParam_Framework.xls (No such file or directory)
	at java.io.FileInputStream.open0(Native Method)
	at java.io.FileInputStream.open(FileInputStream.java:195)
	at java.io.FileInputStream.<init>(FileInputStream.java:138)
	at twc.Automation.ReadDataFromFile.read_excel_data.exceldataread_Custom_Parameters(read_excel_data.java:61)
	at twc.Automation.General.Utils.get_param_value_from_APICalls(Utils.java:3142)
	at twc.Automation.General.Utils.validate_custom_param_val_of_gampad_with_zip(Utils.java:4113)
	at twc.Automation.ExecutableTestCases.smokeTestCases.Valida0te_MapDetails_nzcs_Custom_param(smokeTestCases.java:2674)
	at sun.reflect.NativeMethodAccessorImpl.invoke0(Native Method)
	at sun.reflect.NativeMethodAccessorImpl.invoke(NativeMethodAccessorImpl.java:62)
	at sun.reflect.DelegatingMethodAccessorImpl.invoke(DelegatingMethodAccessorImpl.java:43)
	at java.lang.reflect.Method.invoke(Method.java:498)
	at org.testng.internal.MethodInvocationHelper.invokeMethod(MethodInvocationHelper.java:85)
	at org.testng.internal.Invoker.invokeMethod(Invoker.java:659)
	at org.testng.internal.Invoker.invokeTestMethod(Invoker.java:845)
	at org.testng.internal.Invoker.invokeTestMethods(Invoker.java:1153)
	at org.testng.internal.TestMethodWorker.invokeTestMethods(TestMethodWorker.java:125)
	at org.testng.internal.TestMethodWorker.run(TestMethodWorker.java:108)
	at org.testng.TestRunner.privateRun(TestRunner.java:771)
	at org.testng.TestRunner.run(TestRunner.java:621)
	at org.testng.SuiteRunner.runTest(SuiteRunner.java:357)
	at org.testng.SuiteRunner.runSequentially(SuiteRunner.java:352)
	at org.testng.SuiteRunner.privateRun(SuiteRunner.java:310)
	at org.testng.SuiteRunner.run(SuiteRunner.java:259)
	at org.testng.SuiteRunnerWorker.runSuite(SuiteRunnerWorker.java:52)
	at org.testng.SuiteRunnerWorker.run(SuiteRunnerWorker.java:86)
	at org.testng.TestNG.runSuitesSequentially(TestNG.java:1199)
	at org.testng.TestNG.runSuitesLocally(TestNG.java:1124)
	at org.testng.TestNG.run(TestNG.java:1032)
	at org.testng.remote.AbstractRemoteTestNG.run(AbstractRemoteTestNG.java:115)
	at org.testng.remote.RemoteTestNG.initAndRun(RemoteTestNG.java:251)
	at org.testng.remote.RemoteTestNG.main(RemoteTestNG.java:77)
]]>
            </full-stacktrace>
          </exception> <!-- java.io.FileNotFoundException -->
          <reporter-output>
          </reporter-output>
        </test-method> <!-- Valida0te_MapDetails_nzcs_Custom_param -->
        <test-method status="FAIL" signature="Valida0te_VideosDetails_nzcs_Custom_param()[pri:0, instance:twc.Automation.ExecutableTestCases.smokeTestCases@7e0aadd0]" name="Valida0te_VideosDetails_nzcs_Custom_param" duration-ms="455" started-at="2022-04-28T20:06:04Z" finished-at="2022-04-28T20:06:04Z">
          <exception class="java.io.FileNotFoundException">
            <message>
              <![CDATA[/Excel_Sheet/TWC_CustParam_Framework.xls (No such file or directory)]]>
            </message>
            <full-stacktrace>
              <![CDATA[java.io.FileNotFoundException: /Excel_Sheet/TWC_CustParam_Framework.xls (No such file or directory)
	at java.io.FileInputStream.open0(Native Method)
	at java.io.FileInputStream.open(FileInputStream.java:195)
	at java.io.FileInputStream.<init>(FileInputStream.java:138)
	at twc.Automation.ReadDataFromFile.read_excel_data.exceldataread_Custom_Parameters(read_excel_data.java:61)
	at twc.Automation.General.Utils.get_param_value_from_APICalls(Utils.java:3142)
	at twc.Automation.General.Utils.validate_custom_param_val_of_gampad_with_zip(Utils.java:4113)
	at twc.Automation.ExecutableTestCases.smokeTestCases.Valida0te_VideosDetails_nzcs_Custom_param(smokeTestCases.java:2688)
	at sun.reflect.NativeMethodAccessorImpl.invoke0(Native Method)
	at sun.reflect.NativeMethodAccessorImpl.invoke(NativeMethodAccessorImpl.java:62)
	at sun.reflect.DelegatingMethodAccessorImpl.invoke(DelegatingMethodAccessorImpl.java:43)
	at java.lang.reflect.Method.invoke(Method.java:498)
	at org.testng.internal.MethodInvocationHelper.invokeMethod(MethodInvocationHelper.java:85)
	at org.testng.internal.Invoker.invokeMethod(Invoker.java:659)
	at org.testng.internal.Invoker.invokeTestMethod(Invoker.java:845)
	at org.testng.internal.Invoker.invokeTestMethods(Invoker.java:1153)
	at org.testng.internal.TestMethodWorker.invokeTestMethods(TestMethodWorker.java:125)
	at org.testng.internal.TestMethodWorker.run(TestMethodWorker.java:108)
	at org.testng.TestRunner.privateRun(TestRunner.java:771)
	at org.testng.TestRunner.run(TestRunner.java:621)
	at org.testng.SuiteRunner.runTest(SuiteRunner.java:357)
	at org.testng.SuiteRunner.runSequentially(SuiteRunner.java:352)
	at org.testng.SuiteRunner.privateRun(SuiteRunner.java:310)
	at org.testng.SuiteRunner.run(SuiteRunner.java:259)
	at org.testng.SuiteRunnerWorker.runSuite(SuiteRunnerWorker.java:52)
	at org.testng.SuiteRunnerWorker.run(SuiteRunnerWorker.java:86)
	at org.testng.TestNG.runSuitesSequentially(TestNG.java:1199)
	at org.testng.TestNG.runSuitesLocally(TestNG.java:1124)
	at org.testng.TestNG.run(TestNG.java:1032)
	at org.testng.remote.AbstractRemoteTestNG.run(AbstractRemoteTestNG.java:115)
	at org.testng.remote.RemoteTestNG.initAndRun(RemoteTestNG.java:251)
	at org.testng.remote.RemoteTestNG.main(RemoteTestNG.java:77)
]]>
            </full-stacktrace>
          </exception> <!-- java.io.FileNotFoundException -->
          <reporter-output>
          </reporter-output>
        </test-method> <!-- Valida0te_VideosDetails_nzcs_Custom_param -->
      </class> <!-- twc.Automation.ExecutableTestCases.smokeTestCases -->
    </test> <!-- Default test -->
  </suite> <!-- Default suite -->
</testng-results>
